2023-12-08 10:32:53 [main] WARN - Load Logback Configuration of Nacos fail, message: Could not initialize Logback Nacos logging from classpath:nacos-logback.xml
2023-12-08 10:32:53 [main] INFO - LOCAL_SNAPSHOT_PATH:C:\Users\a1294\nacos\config
2023-12-08 10:32:53 [main] INFO - [RpcClientFactory] create a new rpc client of fd6e8b6d-e460-4ce9-9ea3-c8125c75c757_config-0
2023-12-08 10:32:53 [main] INFO - [fd6e8b6d-e460-4ce9-9ea3-c8125c75c757_config-0] Register server push request handler:com.alibaba.nacos.client.config.impl.ClientWorker$ConfigRpcTransportClient$$Lambda$594/0x0000000800fb2918
2023-12-08 10:32:53 [main] INFO - [fd6e8b6d-e460-4ce9-9ea3-c8125c75c757_config-0] Register server push request handler:com.alibaba.nacos.client.config.impl.ClientWorker$ConfigRpcTransportClient$$Lambda$595/0x0000000800fb2d38
2023-12-08 10:32:53 [main] INFO - [fd6e8b6d-e460-4ce9-9ea3-c8125c75c757_config-0] Registry connection listener to current client:com.alibaba.nacos.client.config.impl.ClientWorker$ConfigRpcTransportClient$1
2023-12-08 10:32:53 [main] INFO - [fd6e8b6d-e460-4ce9-9ea3-c8125c75c757_config-0] RpcClient init, ServerListFactory = com.alibaba.nacos.client.config.impl.ClientWorker$ConfigRpcTransportClient$2
2023-12-08 10:32:53 [main] INFO - [fd6e8b6d-e460-4ce9-9ea3-c8125c75c757_config-0] Try to connect to server on start up, server: {serverIp = '192.168.0.99', server main port = 8848}
2023-12-08 10:32:53 [main] INFO - grpc client connection server:192.168.0.99 ip,serverPort:9848,grpcTslConfig:{"sslProvider":"OPENSSL","enableTls":false,"mutualAuthEnable":false,"trustAll":false}
2023-12-08 10:32:53 [main] INFO - [fd6e8b6d-e460-4ce9-9ea3-c8125c75c757_config-0] Success to connect to server [192.168.0.99:8848] on start up, connectionId = 1702002775521_192.168.0.3_50087
2023-12-08 10:32:53 [com.alibaba.nacos.client.remote.worker] INFO - [fd6e8b6d-e460-4ce9-9ea3-c8125c75c757_config-0] Notify connected event to listeners.
2023-12-08 10:32:53 [com.alibaba.nacos.client.remote.worker] INFO - [fd6e8b6d-e460-4ce9-9ea3-c8125c75c757_config-0] Connected,notify listen context...
2023-12-08 10:32:53 [main] INFO - [fd6e8b6d-e460-4ce9-9ea3-c8125c75c757_config-0] Register server push request handler:com.alibaba.nacos.common.remote.client.RpcClient$ConnectResetRequestHandler
2023-12-08 10:32:53 [main] INFO - [fd6e8b6d-e460-4ce9-9ea3-c8125c75c757_config-0] Register server push request handler:com.alibaba.nacos.common.remote.client.RpcClient$$Lambda$614/0x00000008010e9ad0
2023-12-08 10:32:53 [main] WARN - Ignore the empty nacos configuration and get it based on dataId[p6e-cloud-gateway-service] & group[P6E-CLOUD]
2023-12-08 10:32:53 [main] WARN - Ignore the empty nacos configuration and get it based on dataId[p6e-cloud-gateway-service.yaml] & group[P6E-CLOUD]
2023-12-08 10:32:53 [main] INFO - Located property source: [BootstrapPropertySource {name='bootstrapProperties-p6e-cloud-gateway-service.yaml,P6E-CLOUD'}, BootstrapPropertySource {name='bootstrapProperties-p6e-cloud-gateway-service,P6E-CLOUD'}]
2023-12-08 10:32:53 [main] WARN - Load Logback Configuration of Nacos fail, message: Could not initialize Logback Nacos logging from classpath:nacos-logback.xml
2023-12-08 10:32:53 [main] INFO - No active profile set, falling back to 1 default profile: "default"
2023-12-08 10:32:53 [main] INFO - Multiple Spring Data modules found, entering strict repository configuration mode
2023-12-08 10:32:53 [main] INFO - Bootstrapping Spring Data Redis repositories in DEFAULT mode.
2023-12-08 10:32:54 [main] INFO - Finished Spring Data repository scanning in 4 ms. Found 0 Redis repository interfaces.
2023-12-08 10:32:54 [main] INFO - BeanFactory id=107b6c6f-6b69-3394-93ff-c0d51fa57812
2023-12-08 10:32:54 [main] INFO - Loaded RoutePredicateFactory [After]
2023-12-08 10:32:54 [main] INFO - Loaded RoutePredicateFactory [Before]
2023-12-08 10:32:54 [main] INFO - Loaded RoutePredicateFactory [Between]
2023-12-08 10:32:54 [main] INFO - Loaded RoutePredicateFactory [Cookie]
2023-12-08 10:32:54 [main] INFO - Loaded RoutePredicateFactory [Header]
2023-12-08 10:32:54 [main] INFO - Loaded RoutePredicateFactory [Host]
2023-12-08 10:32:54 [main] INFO - Loaded RoutePredicateFactory [Method]
2023-12-08 10:32:54 [main] INFO - Loaded RoutePredicateFactory [Path]
2023-12-08 10:32:54 [main] INFO - Loaded RoutePredicateFactory [Query]
2023-12-08 10:32:54 [main] INFO - Loaded RoutePredicateFactory [ReadBody]
2023-12-08 10:32:54 [main] INFO - Loaded RoutePredicateFactory [RemoteAddr]
2023-12-08 10:32:54 [main] INFO - Loaded RoutePredicateFactory [XForwardedRemoteAddr]
2023-12-08 10:32:54 [main] INFO - Loaded RoutePredicateFactory [Weight]
2023-12-08 10:32:54 [main] INFO - Loaded RoutePredicateFactory [CloudFoundryRouteService]
2023-12-08 10:32:55 [main] INFO - Netty started on port 20000
2023-12-08 10:32:55 [main] INFO - initializer namespace from ans.namespace attribute : null
2023-12-08 10:32:55 [main] INFO - initializer namespace from ALIBABA_ALIWARE_NAMESPACE attribute :null
2023-12-08 10:32:55 [main] INFO - initializer namespace from namespace attribute :null
2023-12-08 10:32:55 [main] INFO - [ClientAuthPluginManager] Load ClientAuthService com.alibaba.nacos.client.auth.impl.NacosClientAuthServiceImpl success.
2023-12-08 10:32:55 [main] INFO - [ClientAuthPluginManager] Load ClientAuthService com.alibaba.nacos.client.auth.ram.RamClientAuthServiceImpl success.
2023-12-08 10:32:55 [main] INFO - [RpcClientFactory] create a new rpc client of 3d0d9ee8-f55a-42eb-87a1-d6fc86d587a9
2023-12-08 10:32:55 [main] INFO - [3d0d9ee8-f55a-42eb-87a1-d6fc86d587a9] RpcClient init, ServerListFactory = com.alibaba.nacos.client.naming.core.ServerListManager
2023-12-08 10:32:55 [main] INFO - [3d0d9ee8-f55a-42eb-87a1-d6fc86d587a9] Registry connection listener to current client:com.alibaba.nacos.client.naming.remote.gprc.redo.NamingGrpcRedoService
2023-12-08 10:32:55 [main] INFO - [3d0d9ee8-f55a-42eb-87a1-d6fc86d587a9] Register server push request handler:com.alibaba.nacos.client.naming.remote.gprc.NamingPushRequestHandler
2023-12-08 10:32:55 [main] INFO - [3d0d9ee8-f55a-42eb-87a1-d6fc86d587a9] Try to connect to server on start up, server: {serverIp = '192.168.0.99', server main port = 8848}
2023-12-08 10:32:55 [main] INFO - grpc client connection server:192.168.0.99 ip,serverPort:9848,grpcTslConfig:{"sslProvider":"OPENSSL","enableTls":false,"mutualAuthEnable":false,"trustAll":false}
2023-12-08 10:32:55 [main] INFO - [3d0d9ee8-f55a-42eb-87a1-d6fc86d587a9] Success to connect to server [192.168.0.99:8848] on start up, connectionId = 1702002777535_192.168.0.3_50088
2023-12-08 10:32:55 [main] INFO - [3d0d9ee8-f55a-42eb-87a1-d6fc86d587a9] Register server push request handler:com.alibaba.nacos.common.remote.client.RpcClient$ConnectResetRequestHandler
2023-12-08 10:32:55 [main] INFO - [3d0d9ee8-f55a-42eb-87a1-d6fc86d587a9] Register server push request handler:com.alibaba.nacos.common.remote.client.RpcClient$$Lambda$614/0x00000008010e9ad0
2023-12-08 10:32:55 [com.alibaba.nacos.client.remote.worker] INFO - [3d0d9ee8-f55a-42eb-87a1-d6fc86d587a9] Notify connected event to listeners.
2023-12-08 10:32:55 [com.alibaba.nacos.client.remote.worker] INFO - Grpc connection connect
2023-12-08 10:32:55 [main] INFO - [REGISTER-SERVICE] public registering service p6e-cloud-gateway-service with instance Instance{instanceId='null', ip='192.168.5.19', port=20000, weight=1.0, healthy=true, enabled=true, ephemeral=true, clusterName='DEFAULT', serviceName='null', metadata={IPv6=null, preserved.register.source=SPRING_CLOUD}}
2023-12-08 10:32:55 [main] INFO - nacos registry, P6E-CLOUD p6e-cloud-gateway-service 192.168.5.19:20000 register finished
2023-12-08 10:32:55 [main] INFO - Started SmartSiteGatewayApplication in 3.465 seconds (process running for 3.804)
2023-12-08 10:32:55 [main] INFO - nacos.cache.data.init.snapshot = true 
2023-12-08 10:32:55 [main] INFO - [fixed-192.168.0.99_8848] [subscribe] p6e-cloud-gateway-service+P6E-CLOUD
2023-12-08 10:32:55 [main] INFO - [fixed-192.168.0.99_8848] [add-listener] ok, tenant=, dataId=p6e-cloud-gateway-service, group=P6E-CLOUD, cnt=1
2023-12-08 10:32:55 [main] INFO - [Nacos Config] Listening config: dataId=p6e-cloud-gateway-service, group=P6E-CLOUD
2023-12-08 10:32:55 [main] INFO - [fixed-192.168.0.99_8848] [subscribe] p6e-cloud-gateway-service.yaml+P6E-CLOUD
2023-12-08 10:32:55 [main] INFO - [fixed-192.168.0.99_8848] [add-listener] ok, tenant=, dataId=p6e-cloud-gateway-service.yaml, group=P6E-CLOUD, cnt=1
2023-12-08 10:32:55 [main] INFO - [Nacos Config] Listening config: dataId=p6e-cloud-gateway-service.yaml, group=P6E-CLOUD
2023-12-08 10:36:32 [Thread-7] WARN - [NotifyCenter] Start destroying Publisher
2023-12-08 10:36:32 [Thread-1] WARN - [HttpClientBeanHolder] Start destroying common HttpClient
2023-12-08 10:36:32 [Thread-7] WARN - [NotifyCenter] Destruction of the end
2023-12-08 10:36:32 [Thread-1] WARN - [HttpClientBeanHolder] Destruction of the end
2023-12-08 10:36:32 [SpringApplicationShutdownHook] INFO - De-registering from Nacos Server now...
2023-12-08 10:36:32 [SpringApplicationShutdownHook] INFO - [DEREGISTER-SERVICE] public deregistering service p6e-cloud-gateway-service with instance: Instance{instanceId='null', ip='192.168.5.19', port=20000, weight=1.0, healthy=true, enabled=true, ephemeral=true, clusterName='DEFAULT', serviceName='null', metadata={}}
2023-12-08 10:36:33 [SpringApplicationShutdownHook] INFO - De-registration finished.
2023-12-08 10:36:33 [SpringApplicationShutdownHook] INFO - com.alibaba.nacos.client.naming.cache.ServiceInfoHolder do shutdown begin
2023-12-08 10:36:33 [SpringApplicationShutdownHook] INFO - com.alibaba.nacos.client.naming.backups.FailoverReactor do shutdown begin
2023-12-08 10:36:33 [SpringApplicationShutdownHook] INFO - com.alibaba.nacos.client.naming.backups.FailoverReactor do shutdown stop
2023-12-08 10:36:33 [SpringApplicationShutdownHook] INFO - com.alibaba.nacos.client.naming.cache.ServiceInfoHolder do shutdown stop
2023-12-08 10:36:33 [SpringApplicationShutdownHook] INFO - com.alibaba.nacos.client.naming.remote.NamingClientProxyDelegate do shutdown begin
2023-12-08 10:36:33 [SpringApplicationShutdownHook] INFO - com.alibaba.nacos.client.naming.core.ServiceInfoUpdateService do shutdown begin
2023-12-08 10:36:33 [SpringApplicationShutdownHook] INFO - com.alibaba.nacos.client.naming.core.ServiceInfoUpdateService do shutdown stop
2023-12-08 10:36:33 [SpringApplicationShutdownHook] INFO - com.alibaba.nacos.client.naming.core.ServerListManager do shutdown begin
2023-12-08 10:36:33 [SpringApplicationShutdownHook] WARN - [NamingHttpClientManager] Start destroying NacosRestTemplate
2023-12-08 10:36:33 [SpringApplicationShutdownHook] WARN - [NamingHttpClientManager] Destruction of the end
2023-12-08 10:36:33 [SpringApplicationShutdownHook] INFO - com.alibaba.nacos.client.naming.core.ServerListManager do shutdown stop
2023-12-08 10:36:33 [SpringApplicationShutdownHook] INFO - com.alibaba.nacos.client.naming.remote.http.NamingHttpClientProxy do shutdown begin
2023-12-08 10:36:33 [SpringApplicationShutdownHook] WARN - [NamingHttpClientManager] Start destroying NacosRestTemplate
2023-12-08 10:36:33 [SpringApplicationShutdownHook] WARN - [NamingHttpClientManager] Destruction of the end
2023-12-08 10:36:33 [SpringApplicationShutdownHook] INFO - com.alibaba.nacos.client.naming.remote.http.NamingHttpClientProxy do shutdown stop
2023-12-08 10:36:33 [SpringApplicationShutdownHook] INFO - Shutdown rpc client, set status to shutdown
2023-12-08 10:36:33 [SpringApplicationShutdownHook] INFO - Shutdown client event executor java.util.concurrent.ScheduledThreadPoolExecutor@375eea7b[Running, pool size = 2, active threads = 2, queued tasks = 0, completed tasks = 0]
2023-12-08 10:36:33 [SpringApplicationShutdownHook] INFO - Close current connection 1702002777535_192.168.0.3_50088
2023-12-08 10:36:33 [nacos-grpc-client-executor-192.168.0.99-56] WARN - [1702002777535_192.168.0.3_50088]Ignore error event,isRunning:false,isAbandon=false
2023-12-08 10:36:33 [SpringApplicationShutdownHook] INFO - Shutdown grpc executor java.util.concurrent.ThreadPoolExecutor@360aec35[Running, pool size = 4, active threads = 0, queued tasks = 0, completed tasks = 57]
2023-12-08 10:36:33 [SpringApplicationShutdownHook] INFO - Shutdown grpc redo service executor java.util.concurrent.ScheduledThreadPoolExecutor@2d0baf1d[Running, pool size = 1, active threads = 0, queued tasks = 1, completed tasks = 72]
2023-12-08 10:36:33 [SpringApplicationShutdownHook] INFO - [null] CredentialWatcher is stopped
2023-12-08 10:36:33 [SpringApplicationShutdownHook] INFO - [null] CredentialService is freed
2023-12-08 10:36:33 [SpringApplicationShutdownHook] INFO - com.alibaba.nacos.client.naming.remote.NamingClientProxyDelegate do shutdown stop
2023-12-08 10:36:33 [com.alibaba.nacos.client.Worker] INFO - null No credential found
2023-12-08 10:36:39 [main] WARN - Load Logback Configuration of Nacos fail, message: Could not initialize Logback Nacos logging from classpath:nacos-logback.xml
2023-12-08 10:36:39 [main] INFO - LOCAL_SNAPSHOT_PATH:C:\Users\a1294\nacos\config
2023-12-08 10:36:39 [main] INFO - [RpcClientFactory] create a new rpc client of fcbdd95e-d9eb-47e4-b13d-4fd1672bda17_config-0
2023-12-08 10:36:39 [main] INFO - [fcbdd95e-d9eb-47e4-b13d-4fd1672bda17_config-0] Register server push request handler:com.alibaba.nacos.client.config.impl.ClientWorker$ConfigRpcTransportClient$$Lambda$594/0x0000000800fb2e60
2023-12-08 10:36:39 [main] INFO - [fcbdd95e-d9eb-47e4-b13d-4fd1672bda17_config-0] Register server push request handler:com.alibaba.nacos.client.config.impl.ClientWorker$ConfigRpcTransportClient$$Lambda$595/0x0000000800fb3280
2023-12-08 10:36:39 [main] INFO - [fcbdd95e-d9eb-47e4-b13d-4fd1672bda17_config-0] Registry connection listener to current client:com.alibaba.nacos.client.config.impl.ClientWorker$ConfigRpcTransportClient$1
2023-12-08 10:36:39 [main] INFO - [fcbdd95e-d9eb-47e4-b13d-4fd1672bda17_config-0] RpcClient init, ServerListFactory = com.alibaba.nacos.client.config.impl.ClientWorker$ConfigRpcTransportClient$2
2023-12-08 10:36:39 [main] INFO - [fcbdd95e-d9eb-47e4-b13d-4fd1672bda17_config-0] Try to connect to server on start up, server: {serverIp = '192.168.0.99', server main port = 8848}
2023-12-08 10:36:39 [main] INFO - grpc client connection server:192.168.0.99 ip,serverPort:9848,grpcTslConfig:{"sslProvider":"OPENSSL","enableTls":false,"mutualAuthEnable":false,"trustAll":false}
2023-12-08 10:36:40 [main] INFO - [fcbdd95e-d9eb-47e4-b13d-4fd1672bda17_config-0] Success to connect to server [192.168.0.99:8848] on start up, connectionId = 1702003002013_192.168.0.3_50194
2023-12-08 10:36:40 [com.alibaba.nacos.client.remote.worker] INFO - [fcbdd95e-d9eb-47e4-b13d-4fd1672bda17_config-0] Notify connected event to listeners.
2023-12-08 10:36:40 [main] INFO - [fcbdd95e-d9eb-47e4-b13d-4fd1672bda17_config-0] Register server push request handler:com.alibaba.nacos.common.remote.client.RpcClient$ConnectResetRequestHandler
2023-12-08 10:36:40 [com.alibaba.nacos.client.remote.worker] INFO - [fcbdd95e-d9eb-47e4-b13d-4fd1672bda17_config-0] Connected,notify listen context...
2023-12-08 10:36:40 [main] INFO - [fcbdd95e-d9eb-47e4-b13d-4fd1672bda17_config-0] Register server push request handler:com.alibaba.nacos.common.remote.client.RpcClient$$Lambda$614/0x00000008010e66f8
2023-12-08 10:36:40 [main] WARN - Ignore the empty nacos configuration and get it based on dataId[p6e-cloud-gateway-service] & group[P6E-CLOUD]
2023-12-08 10:36:40 [main] WARN - Ignore the empty nacos configuration and get it based on dataId[p6e-cloud-gateway-service.yaml] & group[P6E-CLOUD]
2023-12-08 10:36:40 [main] INFO - Located property source: [BootstrapPropertySource {name='bootstrapProperties-p6e-cloud-gateway-service.yaml,P6E-CLOUD'}, BootstrapPropertySource {name='bootstrapProperties-p6e-cloud-gateway-service,P6E-CLOUD'}]
2023-12-08 10:36:40 [main] WARN - Load Logback Configuration of Nacos fail, message: Could not initialize Logback Nacos logging from classpath:nacos-logback.xml
2023-12-08 10:36:40 [main] INFO - No active profile set, falling back to 1 default profile: "default"
2023-12-08 10:36:40 [main] INFO - Multiple Spring Data modules found, entering strict repository configuration mode
2023-12-08 10:36:40 [main] INFO - Bootstrapping Spring Data JPA repositories in DEFAULT mode.
2023-12-08 10:36:40 [main] INFO - Finished Spring Data repository scanning in 4 ms. Found 0 JPA repository interfaces.
2023-12-08 10:36:40 [main] INFO - Multiple Spring Data modules found, entering strict repository configuration mode
2023-12-08 10:36:40 [main] INFO - Bootstrapping Spring Data Redis repositories in DEFAULT mode.
2023-12-08 10:36:40 [main] INFO - Finished Spring Data repository scanning in 1 ms. Found 0 Redis repository interfaces.
2023-12-08 10:36:40 [main] INFO - BeanFactory id=582f10b7-a0de-35d3-a90a-4c6e5417fd81
2023-12-08 10:36:40 [main] WARN - Exception encountered during context initialization - cancelling refresh attempt: org.springframework.beans.factory.UnsatisfiedDependencyException: Error creating bean with name 'dataSourceScriptDatabaseInitializer' defined in class path resource [org/springframework/boot/autoconfigure/sql/init/DataSourceInitializationConfiguration.class]: Unsatisfied dependency expressed through method 'dataSourceScriptDatabaseInitializer' parameter 0: Error creating bean with name 'dataSource' defined in class path resource [org/springframework/boot/autoconfigure/jdbc/DataSourceConfiguration$Hikari.class]: Failed to instantiate [com.zaxxer.hikari.HikariDataSource]: Factory method 'dataSource' threw exception with message: Cannot load driver class: org.postgresql.Driver
2023-12-08 10:36:40 [main] INFO - 

Error starting ApplicationContext. To display the condition evaluation report re-run your application with 'debug' enabled.
2023-12-08 10:36:40 [main] ERROR - Application run failed
org.springframework.beans.factory.UnsatisfiedDependencyException: Error creating bean with name 'dataSourceScriptDatabaseInitializer' defined in class path resource [org/springframework/boot/autoconfigure/sql/init/DataSourceInitializationConfiguration.class]: Unsatisfied dependency expressed through method 'dataSourceScriptDatabaseInitializer' parameter 0: Error creating bean with name 'dataSource' defined in class path resource [org/springframework/boot/autoconfigure/jdbc/DataSourceConfiguration$Hikari.class]: Failed to instantiate [com.zaxxer.hikari.HikariDataSource]: Factory method 'dataSource' threw exception with message: Cannot load driver class: org.postgresql.Driver
	at org.springframework.beans.factory.support.ConstructorResolver.createArgumentArray(ConstructorResolver.java:800) ~[spring-beans-6.0.9.jar:6.0.9]
	at org.springframework.beans.factory.support.ConstructorResolver.instantiateUsingFactoryMethod(ConstructorResolver.java:550) ~[spring-beans-6.0.9.jar:6.0.9]
	at org.springframework.beans.factory.support.AbstractAutowireCapableBeanFactory.instantiateUsingFactoryMethod(AbstractAutowireCapableBeanFactory.java:1332) ~[spring-beans-6.0.9.jar:6.0.9]
	at org.springframework.beans.factory.support.AbstractAutowireCapableBeanFactory.createBeanInstance(AbstractAutowireCapableBeanFactory.java:1162) ~[spring-beans-6.0.9.jar:6.0.9]
	at org.springframework.beans.factory.support.AbstractAutowireCapableBeanFactory.doCreateBean(AbstractAutowireCapableBeanFactory.java:560) ~[spring-beans-6.0.9.jar:6.0.9]
	at org.springframework.beans.factory.support.AbstractAutowireCapableBeanFactory.createBean(AbstractAutowireCapableBeanFactory.java:520) ~[spring-beans-6.0.9.jar:6.0.9]
	at org.springframework.beans.factory.support.AbstractBeanFactory.lambda$doGetBean$0(AbstractBeanFactory.java:326) ~[spring-beans-6.0.9.jar:6.0.9]
	at org.springframework.beans.factory.support.DefaultSingletonBeanRegistry.getSingleton(DefaultSingletonBeanRegistry.java:234) ~[spring-beans-6.0.9.jar:6.0.9]
	at org.springframework.beans.factory.support.AbstractBeanFactory.doGetBean(AbstractBeanFactory.java:324) ~[spring-beans-6.0.9.jar:6.0.9]
	at org.springframework.beans.factory.support.AbstractBeanFactory.getBean(AbstractBeanFactory.java:200) ~[spring-beans-6.0.9.jar:6.0.9]
	at org.springframework.beans.factory.support.AbstractBeanFactory.doGetBean(AbstractBeanFactory.java:313) ~[spring-beans-6.0.9.jar:6.0.9]
	at org.springframework.beans.factory.support.AbstractBeanFactory.getBean(AbstractBeanFactory.java:200) ~[spring-beans-6.0.9.jar:6.0.9]
	at org.springframework.context.support.AbstractApplicationContext.getBean(AbstractApplicationContext.java:1156) ~[spring-context-6.0.9.jar:6.0.9]
	at org.springframework.context.support.AbstractApplicationContext.finishBeanFactoryInitialization(AbstractApplicationContext.java:931) ~[spring-context-6.0.9.jar:6.0.9]
	at org.springframework.context.support.AbstractApplicationContext.refresh(AbstractApplicationContext.java:608) ~[spring-context-6.0.9.jar:6.0.9]
	at org.springframework.boot.web.reactive.context.ReactiveWebServerApplicationContext.refresh(ReactiveWebServerApplicationContext.java:66) ~[spring-boot-3.1.0.jar:3.1.0]
	at org.springframework.boot.SpringApplication.refresh(SpringApplication.java:733) ~[spring-boot-3.1.0.jar:3.1.0]
	at org.springframework.boot.SpringApplication.refreshContext(SpringApplication.java:435) ~[spring-boot-3.1.0.jar:3.1.0]
	at org.springframework.boot.SpringApplication.run(SpringApplication.java:311) ~[spring-boot-3.1.0.jar:3.1.0]
	at org.springframework.boot.SpringApplication.run(SpringApplication.java:1305) ~[spring-boot-3.1.0.jar:3.1.0]
	at org.springframework.boot.SpringApplication.run(SpringApplication.java:1294) ~[spring-boot-3.1.0.jar:3.1.0]
	at club.p6e.cloud.gateway.SmartSiteGatewayApplication.main(SmartSiteGatewayApplication.java:20) ~[classes/:na]
Caused by: org.springframework.beans.factory.BeanCreationException: Error creating bean with name 'dataSource' defined in class path resource [org/springframework/boot/autoconfigure/jdbc/DataSourceConfiguration$Hikari.class]: Failed to instantiate [com.zaxxer.hikari.HikariDataSource]: Factory method 'dataSource' threw exception with message: Cannot load driver class: org.postgresql.Driver
	at org.springframework.beans.factory.support.ConstructorResolver.instantiate(ConstructorResolver.java:659) ~[spring-beans-6.0.9.jar:6.0.9]
	at org.springframework.beans.factory.support.ConstructorResolver.instantiateUsingFactoryMethod(ConstructorResolver.java:647) ~[spring-beans-6.0.9.jar:6.0.9]
	at org.springframework.beans.factory.support.AbstractAutowireCapableBeanFactory.instantiateUsingFactoryMethod(AbstractAutowireCapableBeanFactory.java:1332) ~[spring-beans-6.0.9.jar:6.0.9]
	at org.springframework.beans.factory.support.AbstractAutowireCapableBeanFactory.createBeanInstance(AbstractAutowireCapableBeanFactory.java:1162) ~[spring-beans-6.0.9.jar:6.0.9]
	at org.springframework.beans.factory.support.AbstractAutowireCapableBeanFactory.doCreateBean(AbstractAutowireCapableBeanFactory.java:560) ~[spring-beans-6.0.9.jar:6.0.9]
	at org.springframework.beans.factory.support.AbstractAutowireCapableBeanFactory.createBean(AbstractAutowireCapableBeanFactory.java:520) ~[spring-beans-6.0.9.jar:6.0.9]
	at org.springframework.beans.factory.support.AbstractBeanFactory.lambda$doGetBean$0(AbstractBeanFactory.java:326) ~[spring-beans-6.0.9.jar:6.0.9]
	at org.springframework.beans.factory.support.DefaultSingletonBeanRegistry.getSingleton(DefaultSingletonBeanRegistry.java:234) ~[spring-beans-6.0.9.jar:6.0.9]
	at org.springframework.beans.factory.support.AbstractBeanFactory.doGetBean(AbstractBeanFactory.java:324) ~[spring-beans-6.0.9.jar:6.0.9]
	at org.springframework.beans.factory.support.AbstractBeanFactory.getBean(AbstractBeanFactory.java:200) ~[spring-beans-6.0.9.jar:6.0.9]
	at org.springframework.beans.factory.config.DependencyDescriptor.resolveCandidate(DependencyDescriptor.java:254) ~[spring-beans-6.0.9.jar:6.0.9]
	at org.springframework.beans.factory.support.DefaultListableBeanFactory.doResolveDependency(DefaultListableBeanFactory.java:1417) ~[spring-beans-6.0.9.jar:6.0.9]
	at org.springframework.beans.factory.support.DefaultListableBeanFactory.resolveDependency(DefaultListableBeanFactory.java:1337) ~[spring-beans-6.0.9.jar:6.0.9]
	at org.springframework.beans.factory.support.ConstructorResolver.resolveAutowiredArgument(ConstructorResolver.java:888) ~[spring-beans-6.0.9.jar:6.0.9]
	at org.springframework.beans.factory.support.ConstructorResolver.createArgumentArray(ConstructorResolver.java:791) ~[spring-beans-6.0.9.jar:6.0.9]
	... 21 common frames omitted
Caused by: org.springframework.beans.BeanInstantiationException: Failed to instantiate [com.zaxxer.hikari.HikariDataSource]: Factory method 'dataSource' threw exception with message: Cannot load driver class: org.postgresql.Driver
	at org.springframework.beans.factory.support.SimpleInstantiationStrategy.instantiate(SimpleInstantiationStrategy.java:171) ~[spring-beans-6.0.9.jar:6.0.9]
	at org.springframework.beans.factory.support.ConstructorResolver.instantiate(ConstructorResolver.java:655) ~[spring-beans-6.0.9.jar:6.0.9]
	... 35 common frames omitted
Caused by: java.lang.IllegalStateException: Cannot load driver class: org.postgresql.Driver
	at org.springframework.util.Assert.state(Assert.java:97) ~[spring-core-6.0.9.jar:6.0.9]
	at org.springframework.boot.autoconfigure.jdbc.DataSourceProperties.determineDriverClassName(DataSourceProperties.java:175) ~[spring-boot-autoconfigure-3.1.0.jar:3.1.0]
	at org.springframework.boot.autoconfigure.jdbc.PropertiesJdbcConnectionDetails.getDriverClassName(PropertiesJdbcConnectionDetails.java:49) ~[spring-boot-autoconfigure-3.1.0.jar:3.1.0]
	at org.springframework.boot.autoconfigure.jdbc.DataSourceConfiguration.createDataSource(DataSourceConfiguration.java:55) ~[spring-boot-autoconfigure-3.1.0.jar:3.1.0]
	at org.springframework.boot.autoconfigure.jdbc.DataSourceConfiguration$Hikari.dataSource(DataSourceConfiguration.java:117) ~[spring-boot-autoconfigure-3.1.0.jar:3.1.0]
	at java.base/jdk.internal.reflect.NativeMethodAccessorImpl.invoke0(Native Method) ~[na:na]
	at java.base/jdk.internal.reflect.NativeMethodAccessorImpl.invoke(NativeMethodAccessorImpl.java:77) ~[na:na]
	at java.base/jdk.internal.reflect.DelegatingMethodAccessorImpl.invoke(DelegatingMethodAccessorImpl.java:43) ~[na:na]
	at java.base/java.lang.reflect.Method.invoke(Method.java:568) ~[na:na]
	at org.springframework.beans.factory.support.SimpleInstantiationStrategy.instantiate(SimpleInstantiationStrategy.java:139) ~[spring-beans-6.0.9.jar:6.0.9]
	... 36 common frames omitted
2023-12-08 10:36:40 [Thread-1] WARN - [HttpClientBeanHolder] Start destroying common HttpClient
2023-12-08 10:36:40 [Thread-7] WARN - [NotifyCenter] Start destroying Publisher
2023-12-08 10:36:40 [Thread-7] WARN - [NotifyCenter] Destruction of the end
2023-12-08 10:36:40 [Thread-1] WARN - [HttpClientBeanHolder] Destruction of the end
2023-12-08 10:36:46 [main] WARN - Load Logback Configuration of Nacos fail, message: Could not initialize Logback Nacos logging from classpath:nacos-logback.xml
2023-12-08 10:36:46 [main] INFO - LOCAL_SNAPSHOT_PATH:C:\Users\a1294\nacos\config
2023-12-08 10:36:46 [main] INFO - [RpcClientFactory] create a new rpc client of bc01537d-c373-4e50-bf14-da2695c32187_config-0
2023-12-08 10:36:46 [main] INFO - [bc01537d-c373-4e50-bf14-da2695c32187_config-0] Register server push request handler:com.alibaba.nacos.client.config.impl.ClientWorker$ConfigRpcTransportClient$$Lambda$594/0x0000000800fb2e60
2023-12-08 10:36:46 [main] INFO - [bc01537d-c373-4e50-bf14-da2695c32187_config-0] Register server push request handler:com.alibaba.nacos.client.config.impl.ClientWorker$ConfigRpcTransportClient$$Lambda$595/0x0000000800fb3280
2023-12-08 10:36:46 [main] INFO - [bc01537d-c373-4e50-bf14-da2695c32187_config-0] Registry connection listener to current client:com.alibaba.nacos.client.config.impl.ClientWorker$ConfigRpcTransportClient$1
2023-12-08 10:36:46 [main] INFO - [bc01537d-c373-4e50-bf14-da2695c32187_config-0] RpcClient init, ServerListFactory = com.alibaba.nacos.client.config.impl.ClientWorker$ConfigRpcTransportClient$2
2023-12-08 10:36:46 [main] INFO - [bc01537d-c373-4e50-bf14-da2695c32187_config-0] Try to connect to server on start up, server: {serverIp = '192.168.0.99', server main port = 8848}
2023-12-08 10:36:46 [main] INFO - grpc client connection server:192.168.0.99 ip,serverPort:9848,grpcTslConfig:{"sslProvider":"OPENSSL","enableTls":false,"mutualAuthEnable":false,"trustAll":false}
2023-12-08 10:36:47 [main] INFO - [bc01537d-c373-4e50-bf14-da2695c32187_config-0] Success to connect to server [192.168.0.99:8848] on start up, connectionId = 1702003009103_192.168.0.3_50204
2023-12-08 10:36:47 [com.alibaba.nacos.client.remote.worker] INFO - [bc01537d-c373-4e50-bf14-da2695c32187_config-0] Notify connected event to listeners.
2023-12-08 10:36:47 [com.alibaba.nacos.client.remote.worker] INFO - [bc01537d-c373-4e50-bf14-da2695c32187_config-0] Connected,notify listen context...
2023-12-08 10:36:47 [main] INFO - [bc01537d-c373-4e50-bf14-da2695c32187_config-0] Register server push request handler:com.alibaba.nacos.common.remote.client.RpcClient$ConnectResetRequestHandler
2023-12-08 10:36:47 [main] INFO - [bc01537d-c373-4e50-bf14-da2695c32187_config-0] Register server push request handler:com.alibaba.nacos.common.remote.client.RpcClient$$Lambda$614/0x00000008010e66f8
2023-12-08 10:36:47 [main] WARN - Ignore the empty nacos configuration and get it based on dataId[p6e-cloud-gateway-service] & group[P6E-CLOUD]
2023-12-08 10:36:47 [main] WARN - Ignore the empty nacos configuration and get it based on dataId[p6e-cloud-gateway-service.yaml] & group[P6E-CLOUD]
2023-12-08 10:36:47 [main] INFO - Located property source: [BootstrapPropertySource {name='bootstrapProperties-p6e-cloud-gateway-service.yaml,P6E-CLOUD'}, BootstrapPropertySource {name='bootstrapProperties-p6e-cloud-gateway-service,P6E-CLOUD'}]
2023-12-08 10:36:47 [main] WARN - Load Logback Configuration of Nacos fail, message: Could not initialize Logback Nacos logging from classpath:nacos-logback.xml
2023-12-08 10:36:47 [main] INFO - No active profile set, falling back to 1 default profile: "default"
2023-12-08 10:36:47 [main] INFO - Multiple Spring Data modules found, entering strict repository configuration mode
2023-12-08 10:36:47 [main] INFO - Bootstrapping Spring Data JPA repositories in DEFAULT mode.
2023-12-08 10:36:47 [main] INFO - Finished Spring Data repository scanning in 5 ms. Found 0 JPA repository interfaces.
2023-12-08 10:36:47 [main] INFO - Multiple Spring Data modules found, entering strict repository configuration mode
2023-12-08 10:36:47 [main] INFO - Bootstrapping Spring Data Redis repositories in DEFAULT mode.
2023-12-08 10:36:47 [main] INFO - Finished Spring Data repository scanning in 1 ms. Found 0 Redis repository interfaces.
2023-12-08 10:36:47 [main] INFO - BeanFactory id=bcd2d126-7e93-34b1-ac1c-389d8af81b6d
2023-12-08 10:36:47 [main] WARN - Exception encountered during context initialization - cancelling refresh attempt: org.springframework.beans.factory.UnsatisfiedDependencyException: Error creating bean with name 'dataSourceScriptDatabaseInitializer' defined in class path resource [org/springframework/boot/autoconfigure/sql/init/DataSourceInitializationConfiguration.class]: Unsatisfied dependency expressed through method 'dataSourceScriptDatabaseInitializer' parameter 0: Error creating bean with name 'dataSource' defined in class path resource [org/springframework/boot/autoconfigure/jdbc/DataSourceConfiguration$Hikari.class]: Failed to instantiate [com.zaxxer.hikari.HikariDataSource]: Factory method 'dataSource' threw exception with message: Cannot load driver class: org.postgresql.Driver
2023-12-08 10:36:47 [main] INFO - 

Error starting ApplicationContext. To display the condition evaluation report re-run your application with 'debug' enabled.
2023-12-08 10:36:47 [main] ERROR - Application run failed
org.springframework.beans.factory.UnsatisfiedDependencyException: Error creating bean with name 'dataSourceScriptDatabaseInitializer' defined in class path resource [org/springframework/boot/autoconfigure/sql/init/DataSourceInitializationConfiguration.class]: Unsatisfied dependency expressed through method 'dataSourceScriptDatabaseInitializer' parameter 0: Error creating bean with name 'dataSource' defined in class path resource [org/springframework/boot/autoconfigure/jdbc/DataSourceConfiguration$Hikari.class]: Failed to instantiate [com.zaxxer.hikari.HikariDataSource]: Factory method 'dataSource' threw exception with message: Cannot load driver class: org.postgresql.Driver
	at org.springframework.beans.factory.support.ConstructorResolver.createArgumentArray(ConstructorResolver.java:800) ~[spring-beans-6.0.9.jar:6.0.9]
	at org.springframework.beans.factory.support.ConstructorResolver.instantiateUsingFactoryMethod(ConstructorResolver.java:550) ~[spring-beans-6.0.9.jar:6.0.9]
	at org.springframework.beans.factory.support.AbstractAutowireCapableBeanFactory.instantiateUsingFactoryMethod(AbstractAutowireCapableBeanFactory.java:1332) ~[spring-beans-6.0.9.jar:6.0.9]
	at org.springframework.beans.factory.support.AbstractAutowireCapableBeanFactory.createBeanInstance(AbstractAutowireCapableBeanFactory.java:1162) ~[spring-beans-6.0.9.jar:6.0.9]
	at org.springframework.beans.factory.support.AbstractAutowireCapableBeanFactory.doCreateBean(AbstractAutowireCapableBeanFactory.java:560) ~[spring-beans-6.0.9.jar:6.0.9]
	at org.springframework.beans.factory.support.AbstractAutowireCapableBeanFactory.createBean(AbstractAutowireCapableBeanFactory.java:520) ~[spring-beans-6.0.9.jar:6.0.9]
	at org.springframework.beans.factory.support.AbstractBeanFactory.lambda$doGetBean$0(AbstractBeanFactory.java:326) ~[spring-beans-6.0.9.jar:6.0.9]
	at org.springframework.beans.factory.support.DefaultSingletonBeanRegistry.getSingleton(DefaultSingletonBeanRegistry.java:234) ~[spring-beans-6.0.9.jar:6.0.9]
	at org.springframework.beans.factory.support.AbstractBeanFactory.doGetBean(AbstractBeanFactory.java:324) ~[spring-beans-6.0.9.jar:6.0.9]
	at org.springframework.beans.factory.support.AbstractBeanFactory.getBean(AbstractBeanFactory.java:200) ~[spring-beans-6.0.9.jar:6.0.9]
	at org.springframework.beans.factory.support.AbstractBeanFactory.doGetBean(AbstractBeanFactory.java:313) ~[spring-beans-6.0.9.jar:6.0.9]
	at org.springframework.beans.factory.support.AbstractBeanFactory.getBean(AbstractBeanFactory.java:200) ~[spring-beans-6.0.9.jar:6.0.9]
	at org.springframework.context.support.AbstractApplicationContext.getBean(AbstractApplicationContext.java:1156) ~[spring-context-6.0.9.jar:6.0.9]
	at org.springframework.context.support.AbstractApplicationContext.finishBeanFactoryInitialization(AbstractApplicationContext.java:931) ~[spring-context-6.0.9.jar:6.0.9]
	at org.springframework.context.support.AbstractApplicationContext.refresh(AbstractApplicationContext.java:608) ~[spring-context-6.0.9.jar:6.0.9]
	at org.springframework.boot.web.reactive.context.ReactiveWebServerApplicationContext.refresh(ReactiveWebServerApplicationContext.java:66) ~[spring-boot-3.1.0.jar:3.1.0]
	at org.springframework.boot.SpringApplication.refresh(SpringApplication.java:733) ~[spring-boot-3.1.0.jar:3.1.0]
	at org.springframework.boot.SpringApplication.refreshContext(SpringApplication.java:435) ~[spring-boot-3.1.0.jar:3.1.0]
	at org.springframework.boot.SpringApplication.run(SpringApplication.java:311) ~[spring-boot-3.1.0.jar:3.1.0]
	at org.springframework.boot.SpringApplication.run(SpringApplication.java:1305) ~[spring-boot-3.1.0.jar:3.1.0]
	at org.springframework.boot.SpringApplication.run(SpringApplication.java:1294) ~[spring-boot-3.1.0.jar:3.1.0]
	at club.p6e.cloud.gateway.SmartSiteGatewayApplication.main(SmartSiteGatewayApplication.java:20) ~[classes/:na]
Caused by: org.springframework.beans.factory.BeanCreationException: Error creating bean with name 'dataSource' defined in class path resource [org/springframework/boot/autoconfigure/jdbc/DataSourceConfiguration$Hikari.class]: Failed to instantiate [com.zaxxer.hikari.HikariDataSource]: Factory method 'dataSource' threw exception with message: Cannot load driver class: org.postgresql.Driver
	at org.springframework.beans.factory.support.ConstructorResolver.instantiate(ConstructorResolver.java:659) ~[spring-beans-6.0.9.jar:6.0.9]
	at org.springframework.beans.factory.support.ConstructorResolver.instantiateUsingFactoryMethod(ConstructorResolver.java:647) ~[spring-beans-6.0.9.jar:6.0.9]
	at org.springframework.beans.factory.support.AbstractAutowireCapableBeanFactory.instantiateUsingFactoryMethod(AbstractAutowireCapableBeanFactory.java:1332) ~[spring-beans-6.0.9.jar:6.0.9]
	at org.springframework.beans.factory.support.AbstractAutowireCapableBeanFactory.createBeanInstance(AbstractAutowireCapableBeanFactory.java:1162) ~[spring-beans-6.0.9.jar:6.0.9]
	at org.springframework.beans.factory.support.AbstractAutowireCapableBeanFactory.doCreateBean(AbstractAutowireCapableBeanFactory.java:560) ~[spring-beans-6.0.9.jar:6.0.9]
	at org.springframework.beans.factory.support.AbstractAutowireCapableBeanFactory.createBean(AbstractAutowireCapableBeanFactory.java:520) ~[spring-beans-6.0.9.jar:6.0.9]
	at org.springframework.beans.factory.support.AbstractBeanFactory.lambda$doGetBean$0(AbstractBeanFactory.java:326) ~[spring-beans-6.0.9.jar:6.0.9]
	at org.springframework.beans.factory.support.DefaultSingletonBeanRegistry.getSingleton(DefaultSingletonBeanRegistry.java:234) ~[spring-beans-6.0.9.jar:6.0.9]
	at org.springframework.beans.factory.support.AbstractBeanFactory.doGetBean(AbstractBeanFactory.java:324) ~[spring-beans-6.0.9.jar:6.0.9]
	at org.springframework.beans.factory.support.AbstractBeanFactory.getBean(AbstractBeanFactory.java:200) ~[spring-beans-6.0.9.jar:6.0.9]
	at org.springframework.beans.factory.config.DependencyDescriptor.resolveCandidate(DependencyDescriptor.java:254) ~[spring-beans-6.0.9.jar:6.0.9]
	at org.springframework.beans.factory.support.DefaultListableBeanFactory.doResolveDependency(DefaultListableBeanFactory.java:1417) ~[spring-beans-6.0.9.jar:6.0.9]
	at org.springframework.beans.factory.support.DefaultListableBeanFactory.resolveDependency(DefaultListableBeanFactory.java:1337) ~[spring-beans-6.0.9.jar:6.0.9]
	at org.springframework.beans.factory.support.ConstructorResolver.resolveAutowiredArgument(ConstructorResolver.java:888) ~[spring-beans-6.0.9.jar:6.0.9]
	at org.springframework.beans.factory.support.ConstructorResolver.createArgumentArray(ConstructorResolver.java:791) ~[spring-beans-6.0.9.jar:6.0.9]
	... 21 common frames omitted
Caused by: org.springframework.beans.BeanInstantiationException: Failed to instantiate [com.zaxxer.hikari.HikariDataSource]: Factory method 'dataSource' threw exception with message: Cannot load driver class: org.postgresql.Driver
	at org.springframework.beans.factory.support.SimpleInstantiationStrategy.instantiate(SimpleInstantiationStrategy.java:171) ~[spring-beans-6.0.9.jar:6.0.9]
	at org.springframework.beans.factory.support.ConstructorResolver.instantiate(ConstructorResolver.java:655) ~[spring-beans-6.0.9.jar:6.0.9]
	... 35 common frames omitted
Caused by: java.lang.IllegalStateException: Cannot load driver class: org.postgresql.Driver
	at org.springframework.util.Assert.state(Assert.java:97) ~[spring-core-6.0.9.jar:6.0.9]
	at org.springframework.boot.autoconfigure.jdbc.DataSourceProperties.determineDriverClassName(DataSourceProperties.java:175) ~[spring-boot-autoconfigure-3.1.0.jar:3.1.0]
	at org.springframework.boot.autoconfigure.jdbc.PropertiesJdbcConnectionDetails.getDriverClassName(PropertiesJdbcConnectionDetails.java:49) ~[spring-boot-autoconfigure-3.1.0.jar:3.1.0]
	at org.springframework.boot.autoconfigure.jdbc.DataSourceConfiguration.createDataSource(DataSourceConfiguration.java:55) ~[spring-boot-autoconfigure-3.1.0.jar:3.1.0]
	at org.springframework.boot.autoconfigure.jdbc.DataSourceConfiguration$Hikari.dataSource(DataSourceConfiguration.java:117) ~[spring-boot-autoconfigure-3.1.0.jar:3.1.0]
	at java.base/jdk.internal.reflect.NativeMethodAccessorImpl.invoke0(Native Method) ~[na:na]
	at java.base/jdk.internal.reflect.NativeMethodAccessorImpl.invoke(NativeMethodAccessorImpl.java:77) ~[na:na]
	at java.base/jdk.internal.reflect.DelegatingMethodAccessorImpl.invoke(DelegatingMethodAccessorImpl.java:43) ~[na:na]
	at java.base/java.lang.reflect.Method.invoke(Method.java:568) ~[na:na]
	at org.springframework.beans.factory.support.SimpleInstantiationStrategy.instantiate(SimpleInstantiationStrategy.java:139) ~[spring-beans-6.0.9.jar:6.0.9]
	... 36 common frames omitted
2023-12-08 10:36:47 [Thread-7] WARN - [NotifyCenter] Start destroying Publisher
2023-12-08 10:36:47 [Thread-1] WARN - [HttpClientBeanHolder] Start destroying common HttpClient
2023-12-08 10:36:47 [Thread-7] WARN - [NotifyCenter] Destruction of the end
2023-12-08 10:36:47 [Thread-1] WARN - [HttpClientBeanHolder] Destruction of the end
2023-12-08 10:37:39 [main] WARN - Load Logback Configuration of Nacos fail, message: Could not initialize Logback Nacos logging from classpath:nacos-logback.xml
2023-12-08 10:37:39 [main] INFO - LOCAL_SNAPSHOT_PATH:C:\Users\a1294\nacos\config
2023-12-08 10:37:39 [main] INFO - [RpcClientFactory] create a new rpc client of 2c6b1ec0-3701-426e-8de7-aff3da72b151_config-0
2023-12-08 10:37:39 [main] INFO - [2c6b1ec0-3701-426e-8de7-aff3da72b151_config-0] Register server push request handler:com.alibaba.nacos.client.config.impl.ClientWorker$ConfigRpcTransportClient$$Lambda$588/0x0000000800f9fd00
2023-12-08 10:37:39 [main] INFO - [2c6b1ec0-3701-426e-8de7-aff3da72b151_config-0] Register server push request handler:com.alibaba.nacos.client.config.impl.ClientWorker$ConfigRpcTransportClient$$Lambda$589/0x0000000800fa0200
2023-12-08 10:37:39 [main] INFO - [2c6b1ec0-3701-426e-8de7-aff3da72b151_config-0] Registry connection listener to current client:com.alibaba.nacos.client.config.impl.ClientWorker$ConfigRpcTransportClient$1
2023-12-08 10:37:39 [main] INFO - [2c6b1ec0-3701-426e-8de7-aff3da72b151_config-0] RpcClient init, ServerListFactory = com.alibaba.nacos.client.config.impl.ClientWorker$ConfigRpcTransportClient$2
2023-12-08 10:37:39 [main] INFO - [2c6b1ec0-3701-426e-8de7-aff3da72b151_config-0] Try to connect to server on start up, server: {serverIp = '192.168.0.99', server main port = 8848}
2023-12-08 10:37:39 [main] INFO - grpc client connection server:192.168.0.99 ip,serverPort:9848,grpcTslConfig:{"sslProvider":"OPENSSL","enableTls":false,"mutualAuthEnable":false,"trustAll":false}
2023-12-08 10:37:40 [main] INFO - [2c6b1ec0-3701-426e-8de7-aff3da72b151_config-0] Success to connect to server [192.168.0.99:8848] on start up, connectionId = 1702003062344_192.168.0.3_50252
2023-12-08 10:37:40 [com.alibaba.nacos.client.remote.worker] INFO - [2c6b1ec0-3701-426e-8de7-aff3da72b151_config-0] Notify connected event to listeners.
2023-12-08 10:37:40 [com.alibaba.nacos.client.remote.worker] INFO - [2c6b1ec0-3701-426e-8de7-aff3da72b151_config-0] Connected,notify listen context...
2023-12-08 10:37:40 [main] INFO - [2c6b1ec0-3701-426e-8de7-aff3da72b151_config-0] Register server push request handler:com.alibaba.nacos.common.remote.client.RpcClient$ConnectResetRequestHandler
2023-12-08 10:37:40 [main] INFO - [2c6b1ec0-3701-426e-8de7-aff3da72b151_config-0] Register server push request handler:com.alibaba.nacos.common.remote.client.RpcClient$$Lambda$608/0x00000008010db2b0
2023-12-08 10:37:40 [main] WARN - Ignore the empty nacos configuration and get it based on dataId[p6e-cloud-gateway-service] & group[P6E-CLOUD]
2023-12-08 10:37:40 [main] WARN - Ignore the empty nacos configuration and get it based on dataId[p6e-cloud-gateway-service.yaml] & group[P6E-CLOUD]
2023-12-08 10:37:40 [main] INFO - Located property source: [BootstrapPropertySource {name='bootstrapProperties-p6e-cloud-gateway-service.yaml,P6E-CLOUD'}, BootstrapPropertySource {name='bootstrapProperties-p6e-cloud-gateway-service,P6E-CLOUD'}]
2023-12-08 10:37:40 [main] WARN - Load Logback Configuration of Nacos fail, message: Could not initialize Logback Nacos logging from classpath:nacos-logback.xml
2023-12-08 10:37:40 [main] INFO - No active profile set, falling back to 1 default profile: "default"
2023-12-08 10:37:40 [main] INFO - Multiple Spring Data modules found, entering strict repository configuration mode
2023-12-08 10:37:40 [main] INFO - Bootstrapping Spring Data Redis repositories in DEFAULT mode.
2023-12-08 10:37:40 [main] INFO - Finished Spring Data repository scanning in 5 ms. Found 0 Redis repository interfaces.
2023-12-08 10:37:40 [main] INFO - BeanFactory id=0a5553ed-eafd-38af-8ca8-3b4c9cd8f41d
2023-12-08 10:37:41 [main] INFO - Loaded RoutePredicateFactory [After]
2023-12-08 10:37:41 [main] INFO - Loaded RoutePredicateFactory [Before]
2023-12-08 10:37:41 [main] INFO - Loaded RoutePredicateFactory [Between]
2023-12-08 10:37:41 [main] INFO - Loaded RoutePredicateFactory [Cookie]
2023-12-08 10:37:41 [main] INFO - Loaded RoutePredicateFactory [Header]
2023-12-08 10:37:41 [main] INFO - Loaded RoutePredicateFactory [Host]
2023-12-08 10:37:41 [main] INFO - Loaded RoutePredicateFactory [Method]
2023-12-08 10:37:41 [main] INFO - Loaded RoutePredicateFactory [Path]
2023-12-08 10:37:41 [main] INFO - Loaded RoutePredicateFactory [Query]
2023-12-08 10:37:41 [main] INFO - Loaded RoutePredicateFactory [ReadBody]
2023-12-08 10:37:41 [main] INFO - Loaded RoutePredicateFactory [RemoteAddr]
2023-12-08 10:37:41 [main] INFO - Loaded RoutePredicateFactory [XForwardedRemoteAddr]
2023-12-08 10:37:41 [main] INFO - Loaded RoutePredicateFactory [Weight]
2023-12-08 10:37:41 [main] INFO - Loaded RoutePredicateFactory [CloudFoundryRouteService]
2023-12-08 10:37:41 [main] INFO - Netty started on port 20000
2023-12-08 10:37:42 [main] INFO - initializer namespace from ans.namespace attribute : null
2023-12-08 10:37:42 [main] INFO - initializer namespace from ALIBABA_ALIWARE_NAMESPACE attribute :null
2023-12-08 10:37:42 [main] INFO - initializer namespace from namespace attribute :null
2023-12-08 10:37:42 [main] INFO - [ClientAuthPluginManager] Load ClientAuthService com.alibaba.nacos.client.auth.impl.NacosClientAuthServiceImpl success.
2023-12-08 10:37:42 [main] INFO - [ClientAuthPluginManager] Load ClientAuthService com.alibaba.nacos.client.auth.ram.RamClientAuthServiceImpl success.
2023-12-08 10:37:42 [main] INFO - [RpcClientFactory] create a new rpc client of 6fa91ad4-cc54-41b3-8fe5-db49995a7ff8
2023-12-08 10:37:42 [main] INFO - [6fa91ad4-cc54-41b3-8fe5-db49995a7ff8] RpcClient init, ServerListFactory = com.alibaba.nacos.client.naming.core.ServerListManager
2023-12-08 10:37:42 [main] INFO - [6fa91ad4-cc54-41b3-8fe5-db49995a7ff8] Registry connection listener to current client:com.alibaba.nacos.client.naming.remote.gprc.redo.NamingGrpcRedoService
2023-12-08 10:37:42 [main] INFO - [6fa91ad4-cc54-41b3-8fe5-db49995a7ff8] Register server push request handler:com.alibaba.nacos.client.naming.remote.gprc.NamingPushRequestHandler
2023-12-08 10:37:42 [main] INFO - [6fa91ad4-cc54-41b3-8fe5-db49995a7ff8] Try to connect to server on start up, server: {serverIp = '192.168.0.99', server main port = 8848}
2023-12-08 10:37:42 [main] INFO - grpc client connection server:192.168.0.99 ip,serverPort:9848,grpcTslConfig:{"sslProvider":"OPENSSL","enableTls":false,"mutualAuthEnable":false,"trustAll":false}
2023-12-08 10:37:42 [main] INFO - [6fa91ad4-cc54-41b3-8fe5-db49995a7ff8] Success to connect to server [192.168.0.99:8848] on start up, connectionId = 1702003064395_192.168.0.3_50255
2023-12-08 10:37:42 [main] INFO - [6fa91ad4-cc54-41b3-8fe5-db49995a7ff8] Register server push request handler:com.alibaba.nacos.common.remote.client.RpcClient$ConnectResetRequestHandler
2023-12-08 10:37:42 [com.alibaba.nacos.client.remote.worker] INFO - [6fa91ad4-cc54-41b3-8fe5-db49995a7ff8] Notify connected event to listeners.
2023-12-08 10:37:42 [main] INFO - [6fa91ad4-cc54-41b3-8fe5-db49995a7ff8] Register server push request handler:com.alibaba.nacos.common.remote.client.RpcClient$$Lambda$608/0x00000008010db2b0
2023-12-08 10:37:42 [com.alibaba.nacos.client.remote.worker] INFO - Grpc connection connect
2023-12-08 10:37:42 [main] INFO - [REGISTER-SERVICE] public registering service p6e-cloud-gateway-service with instance Instance{instanceId='null', ip='192.168.5.19', port=20000, weight=1.0, healthy=true, enabled=true, ephemeral=true, clusterName='DEFAULT', serviceName='null', metadata={IPv6=null, preserved.register.source=SPRING_CLOUD}}
2023-12-08 10:37:42 [main] INFO - nacos registry, P6E-CLOUD p6e-cloud-gateway-service 192.168.5.19:20000 register finished
2023-12-08 10:37:42 [main] INFO - Started SmartSiteGatewayApplication in 3.509 seconds (process running for 3.802)
2023-12-08 10:37:42 [main] INFO - nacos.cache.data.init.snapshot = true 
2023-12-08 10:37:42 [main] INFO - [fixed-192.168.0.99_8848] [subscribe] p6e-cloud-gateway-service+P6E-CLOUD
2023-12-08 10:37:42 [main] INFO - [fixed-192.168.0.99_8848] [add-listener] ok, tenant=, dataId=p6e-cloud-gateway-service, group=P6E-CLOUD, cnt=1
2023-12-08 10:37:42 [main] INFO - [Nacos Config] Listening config: dataId=p6e-cloud-gateway-service, group=P6E-CLOUD
2023-12-08 10:37:42 [main] INFO - [fixed-192.168.0.99_8848] [subscribe] p6e-cloud-gateway-service.yaml+P6E-CLOUD
2023-12-08 10:37:42 [main] INFO - [fixed-192.168.0.99_8848] [add-listener] ok, tenant=, dataId=p6e-cloud-gateway-service.yaml, group=P6E-CLOUD, cnt=1
2023-12-08 10:37:42 [main] INFO - [Nacos Config] Listening config: dataId=p6e-cloud-gateway-service.yaml, group=P6E-CLOUD
2023-12-08 10:45:59 [Thread-7] WARN - [NotifyCenter] Start destroying Publisher
2023-12-08 10:45:59 [Thread-1] WARN - [HttpClientBeanHolder] Start destroying common HttpClient
2023-12-08 10:45:59 [Thread-7] WARN - [NotifyCenter] Destruction of the end
2023-12-08 10:45:59 [Thread-1] WARN - [HttpClientBeanHolder] Destruction of the end
2023-12-08 10:45:59 [SpringApplicationShutdownHook] INFO - De-registering from Nacos Server now...
2023-12-08 10:45:59 [SpringApplicationShutdownHook] INFO - [DEREGISTER-SERVICE] public deregistering service p6e-cloud-gateway-service with instance: Instance{instanceId='null', ip='192.168.5.19', port=20000, weight=1.0, healthy=true, enabled=true, ephemeral=true, clusterName='DEFAULT', serviceName='null', metadata={}}
2023-12-08 10:45:59 [SpringApplicationShutdownHook] INFO - De-registration finished.
2023-12-08 10:45:59 [SpringApplicationShutdownHook] INFO - com.alibaba.nacos.client.naming.cache.ServiceInfoHolder do shutdown begin
2023-12-08 10:45:59 [SpringApplicationShutdownHook] INFO - com.alibaba.nacos.client.naming.backups.FailoverReactor do shutdown begin
2023-12-08 10:45:59 [SpringApplicationShutdownHook] INFO - com.alibaba.nacos.client.naming.backups.FailoverReactor do shutdown stop
2023-12-08 10:45:59 [SpringApplicationShutdownHook] INFO - com.alibaba.nacos.client.naming.cache.ServiceInfoHolder do shutdown stop
2023-12-08 10:45:59 [SpringApplicationShutdownHook] INFO - com.alibaba.nacos.client.naming.remote.NamingClientProxyDelegate do shutdown begin
2023-12-08 10:45:59 [SpringApplicationShutdownHook] INFO - com.alibaba.nacos.client.naming.core.ServiceInfoUpdateService do shutdown begin
2023-12-08 10:45:59 [SpringApplicationShutdownHook] INFO - com.alibaba.nacos.client.naming.core.ServiceInfoUpdateService do shutdown stop
2023-12-08 10:45:59 [SpringApplicationShutdownHook] INFO - com.alibaba.nacos.client.naming.core.ServerListManager do shutdown begin
2023-12-08 10:45:59 [SpringApplicationShutdownHook] WARN - [NamingHttpClientManager] Start destroying NacosRestTemplate
2023-12-08 10:45:59 [SpringApplicationShutdownHook] WARN - [NamingHttpClientManager] Destruction of the end
2023-12-08 10:45:59 [SpringApplicationShutdownHook] INFO - com.alibaba.nacos.client.naming.core.ServerListManager do shutdown stop
2023-12-08 10:45:59 [SpringApplicationShutdownHook] INFO - com.alibaba.nacos.client.naming.remote.http.NamingHttpClientProxy do shutdown begin
2023-12-08 10:45:59 [SpringApplicationShutdownHook] WARN - [NamingHttpClientManager] Start destroying NacosRestTemplate
2023-12-08 10:45:59 [SpringApplicationShutdownHook] WARN - [NamingHttpClientManager] Destruction of the end
2023-12-08 10:45:59 [SpringApplicationShutdownHook] INFO - com.alibaba.nacos.client.naming.remote.http.NamingHttpClientProxy do shutdown stop
2023-12-08 10:45:59 [SpringApplicationShutdownHook] INFO - Shutdown rpc client, set status to shutdown
2023-12-08 10:45:59 [SpringApplicationShutdownHook] INFO - Shutdown client event executor java.util.concurrent.ScheduledThreadPoolExecutor@621199fd[Running, pool size = 2, active threads = 2, queued tasks = 0, completed tasks = 0]
2023-12-08 10:45:59 [SpringApplicationShutdownHook] INFO - Close current connection 1702003064395_192.168.0.3_50255
2023-12-08 10:45:59 [nacos-grpc-client-executor-192.168.0.99-107] WARN - [1702003064395_192.168.0.3_50255]Ignore error event,isRunning:false,isAbandon=false
2023-12-08 10:45:59 [SpringApplicationShutdownHook] INFO - Shutdown grpc executor java.util.concurrent.ThreadPoolExecutor@1a309965[Running, pool size = 4, active threads = 0, queued tasks = 0, completed tasks = 108]
2023-12-08 10:45:59 [SpringApplicationShutdownHook] INFO - Shutdown grpc redo service executor java.util.concurrent.ScheduledThreadPoolExecutor@79bd74ab[Running, pool size = 1, active threads = 0, queued tasks = 1, completed tasks = 165]
2023-12-08 10:45:59 [SpringApplicationShutdownHook] INFO - [null] CredentialWatcher is stopped
2023-12-08 10:45:59 [SpringApplicationShutdownHook] INFO - [null] CredentialService is freed
2023-12-08 10:45:59 [SpringApplicationShutdownHook] INFO - com.alibaba.nacos.client.naming.remote.NamingClientProxyDelegate do shutdown stop
2023-12-08 10:46:00 [com.alibaba.nacos.client.Worker] INFO - null No credential found
