2023-12-13 15:18:28 [SpringApplicationShutdownHook] INFO - De-registering from Nacos Server now...
2023-12-13 15:18:28 [SpringApplicationShutdownHook] INFO - [DEREGISTER-SERVICE] public deregistering service p6e-cloud-gateway-service with instance: Instance{instanceId='null', ip='192.168.5.19', port=21000, weight=1.0, healthy=true, enabled=true, ephemeral=true, clusterName='DEFAULT', serviceName='null', metadata={}}
2023-12-13 15:18:28 [SpringApplicationShutdownHook] INFO - De-registration finished.
2023-12-13 15:18:28 [SpringApplicationShutdownHook] INFO - com.alibaba.nacos.client.naming.cache.ServiceInfoHolder do shutdown begin
2023-12-13 15:18:28 [SpringApplicationShutdownHook] INFO - com.alibaba.nacos.client.naming.backups.FailoverReactor do shutdown begin
2023-12-13 15:18:28 [SpringApplicationShutdownHook] INFO - com.alibaba.nacos.client.naming.backups.FailoverReactor do shutdown stop
2023-12-13 15:18:28 [SpringApplicationShutdownHook] INFO - com.alibaba.nacos.client.naming.cache.ServiceInfoHolder do shutdown stop
2023-12-13 15:18:28 [SpringApplicationShutdownHook] INFO - com.alibaba.nacos.client.naming.remote.NamingClientProxyDelegate do shutdown begin
2023-12-13 15:18:28 [SpringApplicationShutdownHook] INFO - com.alibaba.nacos.client.naming.core.ServiceInfoUpdateService do shutdown begin
2023-12-13 15:18:28 [SpringApplicationShutdownHook] INFO - com.alibaba.nacos.client.naming.core.ServiceInfoUpdateService do shutdown stop
2023-12-13 15:18:28 [SpringApplicationShutdownHook] INFO - com.alibaba.nacos.client.naming.core.ServerListManager do shutdown begin
2023-12-13 15:18:28 [SpringApplicationShutdownHook] INFO - com.alibaba.nacos.client.naming.core.ServerListManager do shutdown stop
2023-12-13 15:18:28 [SpringApplicationShutdownHook] INFO - com.alibaba.nacos.client.naming.remote.http.NamingHttpClientProxy do shutdown begin
2023-12-13 15:18:28 [SpringApplicationShutdownHook] INFO - com.alibaba.nacos.client.naming.remote.http.NamingHttpClientProxy do shutdown stop
2023-12-13 15:18:28 [SpringApplicationShutdownHook] INFO - Shutdown rpc client, set status to shutdown
2023-12-13 15:18:28 [SpringApplicationShutdownHook] INFO - Shutdown client event executor java.util.concurrent.ScheduledThreadPoolExecutor@4a7d13a8[Running, pool size = 2, active threads = 2, queued tasks = 0, completed tasks = 0]
2023-12-13 15:18:28 [SpringApplicationShutdownHook] INFO - Close current connection 1702380557200_192.168.0.3_55662
2023-12-13 15:18:28 [SpringApplicationShutdownHook] INFO - Shutdown grpc executor java.util.concurrent.ThreadPoolExecutor@56bc6e4b[Running, pool size = 4, active threads = 0, queued tasks = 0, completed tasks = 14246]
2023-12-13 15:18:28 [SpringApplicationShutdownHook] INFO - Shutdown grpc redo service executor java.util.concurrent.ScheduledThreadPoolExecutor@5a2a5db2[Running, pool size = 1, active threads = 0, queued tasks = 1, completed tasks = 23720]
2023-12-13 15:18:28 [SpringApplicationShutdownHook] INFO - [null] CredentialWatcher is stopped
2023-12-13 15:18:28 [SpringApplicationShutdownHook] INFO - [null] CredentialService is freed
2023-12-13 15:18:28 [SpringApplicationShutdownHook] INFO - com.alibaba.nacos.client.naming.remote.NamingClientProxyDelegate do shutdown stop
2023-12-13 15:18:29 [com.alibaba.nacos.client.Worker] INFO - null No credential found
