2023-10-20 09:36:39 [NettyServerWorker-9-1] ERROR -  [DUBBO] [Serialization Security] Serialized class club.p6e.cloud.websocket.dubbo.DubboCr$A is not in allow list. Current mode is `STRICT`, will disallow to deserialize it by default. Please add it into security/serialize.allowlist or follow FAQ to configure it., dubbo version: 3.2.7, current host: 192.168.5.19, error code: 4-21. This may be caused by , go to https://dubbo.apache.org/faq/4/21 to find instructions. 
2023-10-20 09:42:03 [NettyServerWorker-9-1] ERROR -  [DUBBO] [Serialization Security] Serialized class club.p6e.cloud.websocket.dubbo.DubboCr$A is not in allow list. Current mode is `STRICT`, will disallow to deserialize it by default. Please add it into security/serialize.allowlist or follow FAQ to configure it., dubbo version: 3.2.7, current host: 192.168.5.19, error code: 4-21. This may be caused by , go to https://dubbo.apache.org/faq/4/21 to find instructions. 
2023-10-20 09:58:31 [main] ERROR - Application run failed
java.lang.IllegalStateException: No such extension protobuf for serialization/org.apache.dubbo.common.serialize.Serialization
	at org.apache.dubbo.config.utils.ConfigValidationUtils.checkMultiExtension(ConfigValidationUtils.java:688) ~[dubbo-3.2.7.jar:3.2.7]
	at org.apache.dubbo.config.utils.ConfigValidationUtils.checkMultiExtension(ConfigValidationUtils.java:665) ~[dubbo-3.2.7.jar:3.2.7]
	at org.apache.dubbo.config.utils.ConfigValidationUtils.validateProtocolConfig(ConfigValidationUtils.java:581) ~[dubbo-3.2.7.jar:3.2.7]
	at org.apache.dubbo.config.utils.DefaultConfigValidator.validate(DefaultConfigValidator.java:38) ~[dubbo-3.2.7.jar:3.2.7]
	at org.apache.dubbo.config.context.AbstractConfigManager.checkDefaultAndValidateConfigs(AbstractConfigManager.java:590) ~[dubbo-3.2.7.jar:3.2.7]
	at org.apache.dubbo.config.context.ConfigManager.checkConfigs(ConfigManager.java:295) ~[dubbo-3.2.7.jar:3.2.7]
	at org.apache.dubbo.config.context.ConfigManager.loadConfigs(ConfigManager.java:275) ~[dubbo-3.2.7.jar:3.2.7]
	at org.apache.dubbo.config.deploy.DefaultApplicationDeployer.loadApplicationConfigs(DefaultApplicationDeployer.java:253) ~[dubbo-3.2.7.jar:3.2.7]
	at org.apache.dubbo.config.deploy.DefaultApplicationDeployer.initialize(DefaultApplicationDeployer.java:219) ~[dubbo-3.2.7.jar:3.2.7]
	at org.apache.dubbo.config.deploy.DefaultModuleDeployer.prepare(DefaultModuleDeployer.java:577) ~[dubbo-3.2.7.jar:3.2.7]
	at org.apache.dubbo.config.spring.context.DubboConfigApplicationListener.initDubboConfigBeans(DubboConfigApplicationListener.java:78) ~[dubbo-3.2.7.jar:3.2.7]
	at org.apache.dubbo.config.spring.context.DubboConfigApplicationListener.init(DubboConfigApplicationListener.java:65) ~[dubbo-3.2.7.jar:3.2.7]
	at org.apache.dubbo.config.spring.context.DubboConfigApplicationListener.onApplicationEvent(DubboConfigApplicationListener.java:57) ~[dubbo-3.2.7.jar:3.2.7]
	at org.apache.dubbo.config.spring.context.DubboConfigApplicationListener.onApplicationEvent(DubboConfigApplicationListener.java:38) ~[dubbo-3.2.7.jar:3.2.7]
	at org.springframework.context.event.SimpleApplicationEventMulticaster.doInvokeListener(SimpleApplicationEventMulticaster.java:172) ~[spring-context-6.0.9.jar:6.0.9]
	at org.springframework.context.event.SimpleApplicationEventMulticaster.invokeListener(SimpleApplicationEventMulticaster.java:165) ~[spring-context-6.0.9.jar:6.0.9]
	at org.springframework.context.event.SimpleApplicationEventMulticaster.multicastEvent(SimpleApplicationEventMulticaster.java:143) ~[spring-context-6.0.9.jar:6.0.9]
	at org.springframework.context.event.SimpleApplicationEventMulticaster.multicastEvent(SimpleApplicationEventMulticaster.java:131) ~[spring-context-6.0.9.jar:6.0.9]
	at org.springframework.context.support.AbstractApplicationContext.registerListeners(AbstractApplicationContext.java:904) ~[spring-context-6.0.9.jar:6.0.9]
	at org.springframework.context.support.AbstractApplicationContext.refresh(AbstractApplicationContext.java:605) ~[spring-context-6.0.9.jar:6.0.9]
	at org.springframework.boot.web.servlet.context.ServletWebServerApplicationContext.refresh(ServletWebServerApplicationContext.java:146) ~[spring-boot-3.1.0.jar:3.1.0]
	at org.springframework.boot.SpringApplication.refresh(SpringApplication.java:733) ~[spring-boot-3.1.0.jar:3.1.0]
	at org.springframework.boot.SpringApplication.refreshContext(SpringApplication.java:435) ~[spring-boot-3.1.0.jar:3.1.0]
	at org.springframework.boot.SpringApplication.run(SpringApplication.java:311) ~[spring-boot-3.1.0.jar:3.1.0]
	at org.springframework.boot.SpringApplication.run(SpringApplication.java:1305) ~[spring-boot-3.1.0.jar:3.1.0]
	at org.springframework.boot.SpringApplication.run(SpringApplication.java:1294) ~[spring-boot-3.1.0.jar:3.1.0]
	at club.p6e.cloud.websocket.P6eCloudWebSocketApplication.main(P6eCloudWebSocketApplication.java:19) ~[classes/:na]
2023-10-20 09:58:41 [main] ERROR - Application run failed
java.lang.IllegalStateException: No such extension protobuf for serialization/org.apache.dubbo.common.serialize.Serialization
	at org.apache.dubbo.config.utils.ConfigValidationUtils.checkMultiExtension(ConfigValidationUtils.java:688) ~[dubbo-3.2.7.jar:3.2.7]
	at org.apache.dubbo.config.utils.ConfigValidationUtils.checkMultiExtension(ConfigValidationUtils.java:665) ~[dubbo-3.2.7.jar:3.2.7]
	at org.apache.dubbo.config.utils.ConfigValidationUtils.validateProtocolConfig(ConfigValidationUtils.java:581) ~[dubbo-3.2.7.jar:3.2.7]
	at org.apache.dubbo.config.utils.DefaultConfigValidator.validate(DefaultConfigValidator.java:38) ~[dubbo-3.2.7.jar:3.2.7]
	at org.apache.dubbo.config.context.AbstractConfigManager.checkDefaultAndValidateConfigs(AbstractConfigManager.java:590) ~[dubbo-3.2.7.jar:3.2.7]
	at org.apache.dubbo.config.context.ConfigManager.checkConfigs(ConfigManager.java:295) ~[dubbo-3.2.7.jar:3.2.7]
	at org.apache.dubbo.config.context.ConfigManager.loadConfigs(ConfigManager.java:275) ~[dubbo-3.2.7.jar:3.2.7]
	at org.apache.dubbo.config.deploy.DefaultApplicationDeployer.loadApplicationConfigs(DefaultApplicationDeployer.java:253) ~[dubbo-3.2.7.jar:3.2.7]
	at org.apache.dubbo.config.deploy.DefaultApplicationDeployer.initialize(DefaultApplicationDeployer.java:219) ~[dubbo-3.2.7.jar:3.2.7]
	at org.apache.dubbo.config.deploy.DefaultModuleDeployer.prepare(DefaultModuleDeployer.java:577) ~[dubbo-3.2.7.jar:3.2.7]
	at org.apache.dubbo.config.spring.context.DubboConfigApplicationListener.initDubboConfigBeans(DubboConfigApplicationListener.java:78) ~[dubbo-3.2.7.jar:3.2.7]
	at org.apache.dubbo.config.spring.context.DubboConfigApplicationListener.init(DubboConfigApplicationListener.java:65) ~[dubbo-3.2.7.jar:3.2.7]
	at org.apache.dubbo.config.spring.context.DubboConfigApplicationListener.onApplicationEvent(DubboConfigApplicationListener.java:57) ~[dubbo-3.2.7.jar:3.2.7]
	at org.apache.dubbo.config.spring.context.DubboConfigApplicationListener.onApplicationEvent(DubboConfigApplicationListener.java:38) ~[dubbo-3.2.7.jar:3.2.7]
	at org.springframework.context.event.SimpleApplicationEventMulticaster.doInvokeListener(SimpleApplicationEventMulticaster.java:172) ~[spring-context-6.0.9.jar:6.0.9]
	at org.springframework.context.event.SimpleApplicationEventMulticaster.invokeListener(SimpleApplicationEventMulticaster.java:165) ~[spring-context-6.0.9.jar:6.0.9]
	at org.springframework.context.event.SimpleApplicationEventMulticaster.multicastEvent(SimpleApplicationEventMulticaster.java:143) ~[spring-context-6.0.9.jar:6.0.9]
	at org.springframework.context.event.SimpleApplicationEventMulticaster.multicastEvent(SimpleApplicationEventMulticaster.java:131) ~[spring-context-6.0.9.jar:6.0.9]
	at org.springframework.context.support.AbstractApplicationContext.registerListeners(AbstractApplicationContext.java:904) ~[spring-context-6.0.9.jar:6.0.9]
	at org.springframework.context.support.AbstractApplicationContext.refresh(AbstractApplicationContext.java:605) ~[spring-context-6.0.9.jar:6.0.9]
	at org.springframework.boot.web.servlet.context.ServletWebServerApplicationContext.refresh(ServletWebServerApplicationContext.java:146) ~[spring-boot-3.1.0.jar:3.1.0]
	at org.springframework.boot.SpringApplication.refresh(SpringApplication.java:733) ~[spring-boot-3.1.0.jar:3.1.0]
	at org.springframework.boot.SpringApplication.refreshContext(SpringApplication.java:435) ~[spring-boot-3.1.0.jar:3.1.0]
	at org.springframework.boot.SpringApplication.run(SpringApplication.java:311) ~[spring-boot-3.1.0.jar:3.1.0]
	at org.springframework.boot.SpringApplication.run(SpringApplication.java:1305) ~[spring-boot-3.1.0.jar:3.1.0]
	at org.springframework.boot.SpringApplication.run(SpringApplication.java:1294) ~[spring-boot-3.1.0.jar:3.1.0]
	at club.p6e.cloud.websocket.P6eCloudWebSocketApplication.main(P6eCloudWebSocketApplication.java:19) ~[classes/:na]
2023-10-20 16:12:36 [main] ERROR - 

***************************
APPLICATION FAILED TO START
***************************

Description:

Parameter 0 of constructor in club.p6e.cloud.gateway.CustomErrorWebExceptionHandler required a bean of type 'org.springframework.http.codec.CodecConfigurer' that could not be found.


Action:

Consider defining a bean of type 'org.springframework.http.codec.CodecConfigurer' in your configuration.

