2023-10-20 16:18:46 [main] WARN - Load Logback Configuration of Nacos fail, message: Could not initialize Logback Nacos logging from classpath:nacos-logback.xml
2023-10-20 16:18:46 [main] WARN - Ignore the empty nacos configuration and get it based on dataId[p6e-cloud-gateway-service] & group[P6E-CLOUD]
2023-10-20 16:18:46 [main] WARN - Ignore the empty nacos configuration and get it based on dataId[p6e-cloud-gateway-service.yaml] & group[P6E-CLOUD]
2023-10-20 16:18:47 [main] WARN - Load Logback Configuration of Nacos fail, message: Could not initialize Logback Nacos logging from classpath:nacos-logback.xml
2023-10-20 16:18:47 [main] WARN - Exception encountered during context initialization - cancelling refresh attempt: org.springframework.beans.factory.UnsatisfiedDependencyException: Error creating bean with name 'propertiesRefresher' defined in file [D:\CodeContents\github\p6e-cloud\p6e-cloud-gateway\target\classes\club\p6e\cloud\gateway\PropertiesRefresher.class]: Unsatisfied dependency expressed through constructor parameter 2: Error creating bean with name 'connectionFactory' defined in class path resource [org/springframework/boot/autoconfigure/r2dbc/ConnectionFactoryConfigurations$PoolConfiguration$PooledConnectionFactoryConfiguration.class]: Failed to instantiate [io.r2dbc.pool.ConnectionPool]: Factory method 'connectionFactory' threw exception with message: Failed to determine a suitable R2DBC Connection URL
2023-10-20 16:18:47 [Thread-1] WARN - [HttpClientBeanHolder] Start destroying common HttpClient
2023-10-20 16:18:47 [Thread-7] WARN - [NotifyCenter] Start destroying Publisher
2023-10-20 16:18:47 [Thread-7] WARN - [NotifyCenter] Destruction of the end
2023-10-20 16:18:47 [Thread-1] WARN - [HttpClientBeanHolder] Destruction of the end
2023-10-20 16:21:11 [main] WARN - Load Logback Configuration of Nacos fail, message: Could not initialize Logback Nacos logging from classpath:nacos-logback.xml
2023-10-20 16:21:11 [main] WARN - Ignore the empty nacos configuration and get it based on dataId[p6e-cloud-gateway-service] & group[P6E-CLOUD]
2023-10-20 16:21:11 [main] WARN - Ignore the empty nacos configuration and get it based on dataId[p6e-cloud-gateway-service.yaml] & group[P6E-CLOUD]
2023-10-20 16:21:11 [main] WARN - Load Logback Configuration of Nacos fail, message: Could not initialize Logback Nacos logging from classpath:nacos-logback.xml
2023-10-20 16:21:13 [main] WARN - Exception encountered during context initialization - cancelling refresh attempt: org.springframework.context.ApplicationContextException: Failed to start bean 'webServerStartStop'
2023-10-20 16:21:13 [main] WARN - [NamingHttpClientManager] Start destroying NacosRestTemplate
2023-10-20 16:21:13 [main] WARN - [NamingHttpClientManager] Destruction of the end
2023-10-20 16:21:13 [main] WARN - [NamingHttpClientManager] Start destroying NacosRestTemplate
2023-10-20 16:21:13 [main] WARN - [NamingHttpClientManager] Destruction of the end
2023-10-20 16:21:13 [nacos-grpc-client-executor-192.168.0.99-8] WARN - [1697790073602_192.168.0.2_59878]Ignore error event,isRunning:false,isAbandon=false
2023-10-20 16:21:16 [Thread-1] WARN - [HttpClientBeanHolder] Start destroying common HttpClient
2023-10-20 16:21:16 [Thread-7] WARN - [NotifyCenter] Start destroying Publisher
2023-10-20 16:21:16 [Thread-7] WARN - [NotifyCenter] Destruction of the end
2023-10-20 16:21:16 [Thread-1] WARN - [HttpClientBeanHolder] Destruction of the end
2023-10-20 16:24:30 [main] WARN - Load Logback Configuration of Nacos fail, message: Could not initialize Logback Nacos logging from classpath:nacos-logback.xml
2023-10-20 16:24:30 [main] WARN - Ignore the empty nacos configuration and get it based on dataId[p6e-cloud-gateway-service] & group[P6E-CLOUD]
2023-10-20 16:24:30 [main] WARN - Ignore the empty nacos configuration and get it based on dataId[p6e-cloud-gateway-service.yaml] & group[P6E-CLOUD]
2023-10-20 16:24:30 [main] WARN - Load Logback Configuration of Nacos fail, message: Could not initialize Logback Nacos logging from classpath:nacos-logback.xml
2023-10-20 16:24:34 [main] WARN - Exception thrown from ApplicationListener handling ContextClosedEvent
java.lang.IllegalStateException: Subscriber not created; Configure RedisConnectionFactory to create a Subscriber
	at org.springframework.data.redis.listener.RedisMessageListenerContainer.getRequiredSubscriber(RedisMessageListenerContainer.java:1004) ~[spring-data-redis-3.1.0.jar:3.1.0]
	at org.springframework.data.redis.listener.RedisMessageListenerContainer.doUnsubscribe(RedisMessageListenerContainer.java:404) ~[spring-data-redis-3.1.0.jar:3.1.0]
	at org.springframework.data.redis.listener.RedisMessageListenerContainer.stopListening(RedisMessageListenerContainer.java:387) ~[spring-data-redis-3.1.0.jar:3.1.0]
	at org.springframework.data.redis.listener.RedisMessageListenerContainer.stop(RedisMessageListenerContainer.java:376) ~[spring-data-redis-3.1.0.jar:3.1.0]
	at org.springframework.data.redis.listener.RedisMessageListenerContainer.stop(RedisMessageListenerContainer.java:356) ~[spring-data-redis-3.1.0.jar:3.1.0]
	at club.p6e.cloud.gateway.PropertiesRefresher.close(PropertiesRefresher.java:105) ~[classes/:na]
	at club.p6e.cloud.gateway.PropertiesRefresher$ContextClosedEventListener.onApplicationEvent(PropertiesRefresher.java:63) ~[classes/:na]
	at club.p6e.cloud.gateway.PropertiesRefresher$ContextClosedEventListener.onApplicationEvent(PropertiesRefresher.java:53) ~[classes/:na]
	at org.springframework.context.event.SimpleApplicationEventMulticaster.doInvokeListener(SimpleApplicationEventMulticaster.java:172) ~[spring-context-6.0.9.jar:6.0.9]
	at org.springframework.context.event.SimpleApplicationEventMulticaster.invokeListener(SimpleApplicationEventMulticaster.java:165) ~[spring-context-6.0.9.jar:6.0.9]
	at org.springframework.context.event.SimpleApplicationEventMulticaster.multicastEvent(SimpleApplicationEventMulticaster.java:143) ~[spring-context-6.0.9.jar:6.0.9]
	at org.springframework.context.support.AbstractApplicationContext.publishEvent(AbstractApplicationContext.java:437) ~[spring-context-6.0.9.jar:6.0.9]
	at org.springframework.context.support.AbstractApplicationContext.publishEvent(AbstractApplicationContext.java:370) ~[spring-context-6.0.9.jar:6.0.9]
	at org.springframework.context.support.AbstractApplicationContext.doClose(AbstractApplicationContext.java:1060) ~[spring-context-6.0.9.jar:6.0.9]
	at org.springframework.boot.web.reactive.context.ReactiveWebServerApplicationContext.doClose(ReactiveWebServerApplicationContext.java:149) ~[spring-boot-3.1.0.jar:3.1.0]
	at org.springframework.context.support.AbstractApplicationContext.close(AbstractApplicationContext.java:1027) ~[spring-context-6.0.9.jar:6.0.9]
	at org.springframework.boot.SpringApplication.handleRunFailure(SpringApplication.java:789) ~[spring-boot-3.1.0.jar:3.1.0]
	at org.springframework.boot.SpringApplication.run(SpringApplication.java:337) ~[spring-boot-3.1.0.jar:3.1.0]
	at org.springframework.boot.SpringApplication.run(SpringApplication.java:1305) ~[spring-boot-3.1.0.jar:3.1.0]
	at org.springframework.boot.SpringApplication.run(SpringApplication.java:1294) ~[spring-boot-3.1.0.jar:3.1.0]
	at club.p6e.cloud.gateway.SmartSiteGatewayApplication.main(SmartSiteGatewayApplication.java:24) ~[classes/:na]
2023-10-20 16:24:34 [main] WARN - [NamingHttpClientManager] Start destroying NacosRestTemplate
2023-10-20 16:24:34 [main] WARN - [NamingHttpClientManager] Destruction of the end
2023-10-20 16:24:34 [main] WARN - [NamingHttpClientManager] Start destroying NacosRestTemplate
2023-10-20 16:24:34 [main] WARN - [NamingHttpClientManager] Destruction of the end
2023-10-20 16:24:34 [nacos-grpc-client-executor-192.168.0.99-10] WARN - [1697790272564_192.168.0.2_59949]Ignore error event,isRunning:false,isAbandon=false
2023-10-20 16:24:37 [Thread-1] WARN - [HttpClientBeanHolder] Start destroying common HttpClient
2023-10-20 16:24:37 [Thread-7] WARN - [NotifyCenter] Start destroying Publisher
2023-10-20 16:24:37 [Thread-7] WARN - [NotifyCenter] Destruction of the end
2023-10-20 16:24:37 [Thread-1] WARN - [HttpClientBeanHolder] Destruction of the end
2023-10-20 16:27:46 [main] WARN - Load Logback Configuration of Nacos fail, message: Could not initialize Logback Nacos logging from classpath:nacos-logback.xml
2023-10-20 16:27:47 [main] WARN - Ignore the empty nacos configuration and get it based on dataId[p6e-cloud-gateway-service] & group[P6E-CLOUD]
2023-10-20 16:27:47 [main] WARN - Ignore the empty nacos configuration and get it based on dataId[p6e-cloud-gateway-service.yaml] & group[P6E-CLOUD]
2023-10-20 16:27:47 [main] WARN - Load Logback Configuration of Nacos fail, message: Could not initialize Logback Nacos logging from classpath:nacos-logback.xml
2023-10-20 16:27:51 [main] WARN - Exception thrown from ApplicationListener handling ContextClosedEvent
java.lang.IllegalStateException: Subscriber not created; Configure RedisConnectionFactory to create a Subscriber
	at org.springframework.data.redis.listener.RedisMessageListenerContainer.getRequiredSubscriber(RedisMessageListenerContainer.java:1004) ~[spring-data-redis-3.1.0.jar:3.1.0]
	at org.springframework.data.redis.listener.RedisMessageListenerContainer.doUnsubscribe(RedisMessageListenerContainer.java:404) ~[spring-data-redis-3.1.0.jar:3.1.0]
	at org.springframework.data.redis.listener.RedisMessageListenerContainer.stopListening(RedisMessageListenerContainer.java:387) ~[spring-data-redis-3.1.0.jar:3.1.0]
	at org.springframework.data.redis.listener.RedisMessageListenerContainer.stop(RedisMessageListenerContainer.java:376) ~[spring-data-redis-3.1.0.jar:3.1.0]
	at org.springframework.data.redis.listener.RedisMessageListenerContainer.stop(RedisMessageListenerContainer.java:356) ~[spring-data-redis-3.1.0.jar:3.1.0]
	at club.p6e.cloud.gateway.PropertiesRefresher.close(PropertiesRefresher.java:106) ~[classes/:na]
	at club.p6e.cloud.gateway.PropertiesRefresher$ContextClosedEventListener.onApplicationEvent(PropertiesRefresher.java:63) ~[classes/:na]
	at club.p6e.cloud.gateway.PropertiesRefresher$ContextClosedEventListener.onApplicationEvent(PropertiesRefresher.java:53) ~[classes/:na]
	at org.springframework.context.event.SimpleApplicationEventMulticaster.doInvokeListener(SimpleApplicationEventMulticaster.java:172) ~[spring-context-6.0.9.jar:6.0.9]
	at org.springframework.context.event.SimpleApplicationEventMulticaster.invokeListener(SimpleApplicationEventMulticaster.java:165) ~[spring-context-6.0.9.jar:6.0.9]
	at org.springframework.context.event.SimpleApplicationEventMulticaster.multicastEvent(SimpleApplicationEventMulticaster.java:143) ~[spring-context-6.0.9.jar:6.0.9]
	at org.springframework.context.support.AbstractApplicationContext.publishEvent(AbstractApplicationContext.java:437) ~[spring-context-6.0.9.jar:6.0.9]
	at org.springframework.context.support.AbstractApplicationContext.publishEvent(AbstractApplicationContext.java:370) ~[spring-context-6.0.9.jar:6.0.9]
	at org.springframework.context.support.AbstractApplicationContext.doClose(AbstractApplicationContext.java:1060) ~[spring-context-6.0.9.jar:6.0.9]
	at org.springframework.boot.web.reactive.context.ReactiveWebServerApplicationContext.doClose(ReactiveWebServerApplicationContext.java:149) ~[spring-boot-3.1.0.jar:3.1.0]
	at org.springframework.context.support.AbstractApplicationContext.close(AbstractApplicationContext.java:1027) ~[spring-context-6.0.9.jar:6.0.9]
	at org.springframework.boot.SpringApplication.handleRunFailure(SpringApplication.java:789) ~[spring-boot-3.1.0.jar:3.1.0]
	at org.springframework.boot.SpringApplication.run(SpringApplication.java:337) ~[spring-boot-3.1.0.jar:3.1.0]
	at org.springframework.boot.SpringApplication.run(SpringApplication.java:1305) ~[spring-boot-3.1.0.jar:3.1.0]
	at org.springframework.boot.SpringApplication.run(SpringApplication.java:1294) ~[spring-boot-3.1.0.jar:3.1.0]
	at club.p6e.cloud.gateway.SmartSiteGatewayApplication.main(SmartSiteGatewayApplication.java:24) ~[classes/:na]
2023-10-20 16:27:51 [main] WARN - [NamingHttpClientManager] Start destroying NacosRestTemplate
2023-10-20 16:27:51 [main] WARN - [NamingHttpClientManager] Destruction of the end
2023-10-20 16:27:51 [main] WARN - [NamingHttpClientManager] Start destroying NacosRestTemplate
2023-10-20 16:27:51 [main] WARN - [NamingHttpClientManager] Destruction of the end
2023-10-20 16:27:51 [nacos-grpc-client-executor-192.168.0.99-10] WARN - [1697790469466_192.168.0.2_60207]Ignore error event,isRunning:false,isAbandon=false
2023-10-20 16:27:54 [Thread-1] WARN - [HttpClientBeanHolder] Start destroying common HttpClient
2023-10-20 16:27:54 [Thread-7] WARN - [NotifyCenter] Start destroying Publisher
2023-10-20 16:27:54 [Thread-7] WARN - [NotifyCenter] Destruction of the end
2023-10-20 16:27:54 [Thread-1] WARN - [HttpClientBeanHolder] Destruction of the end
2023-10-20 16:32:10 [main] WARN - Load Logback Configuration of Nacos fail, message: Could not initialize Logback Nacos logging from classpath:nacos-logback.xml
2023-10-20 16:32:11 [main] WARN - Ignore the empty nacos configuration and get it based on dataId[p6e-cloud-gateway-service] & group[P6E-CLOUD]
2023-10-20 16:32:11 [main] WARN - Ignore the empty nacos configuration and get it based on dataId[p6e-cloud-gateway-service.yaml] & group[P6E-CLOUD]
2023-10-20 16:32:11 [main] WARN - Load Logback Configuration of Nacos fail, message: Could not initialize Logback Nacos logging from classpath:nacos-logback.xml
2023-10-20 16:32:15 [main] WARN - Exception thrown from ApplicationListener handling ContextClosedEvent
java.lang.IllegalStateException: Subscriber not created; Configure RedisConnectionFactory to create a Subscriber
	at org.springframework.data.redis.listener.RedisMessageListenerContainer.getRequiredSubscriber(RedisMessageListenerContainer.java:1004) ~[spring-data-redis-3.1.0.jar:3.1.0]
	at org.springframework.data.redis.listener.RedisMessageListenerContainer.doUnsubscribe(RedisMessageListenerContainer.java:404) ~[spring-data-redis-3.1.0.jar:3.1.0]
	at org.springframework.data.redis.listener.RedisMessageListenerContainer.stopListening(RedisMessageListenerContainer.java:387) ~[spring-data-redis-3.1.0.jar:3.1.0]
	at org.springframework.data.redis.listener.RedisMessageListenerContainer.stop(RedisMessageListenerContainer.java:376) ~[spring-data-redis-3.1.0.jar:3.1.0]
	at org.springframework.data.redis.listener.RedisMessageListenerContainer.stop(RedisMessageListenerContainer.java:356) ~[spring-data-redis-3.1.0.jar:3.1.0]
	at club.p6e.cloud.gateway.PropertiesRefresher.close(PropertiesRefresher.java:106) ~[classes/:na]
	at club.p6e.cloud.gateway.PropertiesRefresher$ContextClosedEventListener.onApplicationEvent(PropertiesRefresher.java:63) ~[classes/:na]
	at club.p6e.cloud.gateway.PropertiesRefresher$ContextClosedEventListener.onApplicationEvent(PropertiesRefresher.java:53) ~[classes/:na]
	at org.springframework.context.event.SimpleApplicationEventMulticaster.doInvokeListener(SimpleApplicationEventMulticaster.java:172) ~[spring-context-6.0.9.jar:6.0.9]
	at org.springframework.context.event.SimpleApplicationEventMulticaster.invokeListener(SimpleApplicationEventMulticaster.java:165) ~[spring-context-6.0.9.jar:6.0.9]
	at org.springframework.context.event.SimpleApplicationEventMulticaster.multicastEvent(SimpleApplicationEventMulticaster.java:143) ~[spring-context-6.0.9.jar:6.0.9]
	at org.springframework.context.support.AbstractApplicationContext.publishEvent(AbstractApplicationContext.java:437) ~[spring-context-6.0.9.jar:6.0.9]
	at org.springframework.context.support.AbstractApplicationContext.publishEvent(AbstractApplicationContext.java:370) ~[spring-context-6.0.9.jar:6.0.9]
	at org.springframework.context.support.AbstractApplicationContext.doClose(AbstractApplicationContext.java:1060) ~[spring-context-6.0.9.jar:6.0.9]
	at org.springframework.boot.web.reactive.context.ReactiveWebServerApplicationContext.doClose(ReactiveWebServerApplicationContext.java:149) ~[spring-boot-3.1.0.jar:3.1.0]
	at org.springframework.context.support.AbstractApplicationContext.close(AbstractApplicationContext.java:1027) ~[spring-context-6.0.9.jar:6.0.9]
	at org.springframework.boot.SpringApplication.handleRunFailure(SpringApplication.java:789) ~[spring-boot-3.1.0.jar:3.1.0]
	at org.springframework.boot.SpringApplication.run(SpringApplication.java:337) ~[spring-boot-3.1.0.jar:3.1.0]
	at org.springframework.boot.SpringApplication.run(SpringApplication.java:1305) ~[spring-boot-3.1.0.jar:3.1.0]
	at org.springframework.boot.SpringApplication.run(SpringApplication.java:1294) ~[spring-boot-3.1.0.jar:3.1.0]
	at club.p6e.cloud.gateway.SmartSiteGatewayApplication.main(SmartSiteGatewayApplication.java:24) ~[classes/:na]
2023-10-20 16:32:15 [main] WARN - [NamingHttpClientManager] Start destroying NacosRestTemplate
2023-10-20 16:32:15 [main] WARN - [NamingHttpClientManager] Destruction of the end
2023-10-20 16:32:15 [main] WARN - [NamingHttpClientManager] Start destroying NacosRestTemplate
2023-10-20 16:32:15 [main] WARN - [NamingHttpClientManager] Destruction of the end
2023-10-20 16:32:15 [nacos-grpc-client-executor-192.168.0.99-11] WARN - [1697790733140_192.168.0.2_60461]Ignore error event,isRunning:false,isAbandon=false
2023-10-20 16:32:18 [Thread-1] WARN - [HttpClientBeanHolder] Start destroying common HttpClient
2023-10-20 16:32:18 [Thread-7] WARN - [NotifyCenter] Start destroying Publisher
2023-10-20 16:32:18 [Thread-1] WARN - [HttpClientBeanHolder] Destruction of the end
2023-10-20 16:32:18 [Thread-7] WARN - [NotifyCenter] Destruction of the end
2023-10-20 16:32:33 [main] WARN - Load Logback Configuration of Nacos fail, message: Could not initialize Logback Nacos logging from classpath:nacos-logback.xml
2023-10-20 16:32:33 [main] WARN - Ignore the empty nacos configuration and get it based on dataId[p6e-cloud-gateway-service] & group[P6E-CLOUD]
2023-10-20 16:32:33 [main] WARN - Ignore the empty nacos configuration and get it based on dataId[p6e-cloud-gateway-service.yaml] & group[P6E-CLOUD]
2023-10-20 16:32:33 [main] WARN - Load Logback Configuration of Nacos fail, message: Could not initialize Logback Nacos logging from classpath:nacos-logback.xml
2023-10-20 16:32:37 [main] WARN - Exception thrown from ApplicationListener handling ContextClosedEvent
java.lang.IllegalStateException: Subscriber not created; Configure RedisConnectionFactory to create a Subscriber
	at org.springframework.data.redis.listener.RedisMessageListenerContainer.getRequiredSubscriber(RedisMessageListenerContainer.java:1004) ~[spring-data-redis-3.1.0.jar:3.1.0]
	at org.springframework.data.redis.listener.RedisMessageListenerContainer.doUnsubscribe(RedisMessageListenerContainer.java:404) ~[spring-data-redis-3.1.0.jar:3.1.0]
	at org.springframework.data.redis.listener.RedisMessageListenerContainer.stopListening(RedisMessageListenerContainer.java:387) ~[spring-data-redis-3.1.0.jar:3.1.0]
	at org.springframework.data.redis.listener.RedisMessageListenerContainer.stop(RedisMessageListenerContainer.java:376) ~[spring-data-redis-3.1.0.jar:3.1.0]
	at org.springframework.data.redis.listener.RedisMessageListenerContainer.stop(RedisMessageListenerContainer.java:356) ~[spring-data-redis-3.1.0.jar:3.1.0]
	at club.p6e.cloud.gateway.PropertiesRefresher.close(PropertiesRefresher.java:106) ~[classes/:na]
	at club.p6e.cloud.gateway.PropertiesRefresher$ContextClosedEventListener.onApplicationEvent(PropertiesRefresher.java:63) ~[classes/:na]
	at club.p6e.cloud.gateway.PropertiesRefresher$ContextClosedEventListener.onApplicationEvent(PropertiesRefresher.java:53) ~[classes/:na]
	at org.springframework.context.event.SimpleApplicationEventMulticaster.doInvokeListener(SimpleApplicationEventMulticaster.java:172) ~[spring-context-6.0.9.jar:6.0.9]
	at org.springframework.context.event.SimpleApplicationEventMulticaster.invokeListener(SimpleApplicationEventMulticaster.java:165) ~[spring-context-6.0.9.jar:6.0.9]
	at org.springframework.context.event.SimpleApplicationEventMulticaster.multicastEvent(SimpleApplicationEventMulticaster.java:143) ~[spring-context-6.0.9.jar:6.0.9]
	at org.springframework.context.support.AbstractApplicationContext.publishEvent(AbstractApplicationContext.java:437) ~[spring-context-6.0.9.jar:6.0.9]
	at org.springframework.context.support.AbstractApplicationContext.publishEvent(AbstractApplicationContext.java:370) ~[spring-context-6.0.9.jar:6.0.9]
	at org.springframework.context.support.AbstractApplicationContext.doClose(AbstractApplicationContext.java:1060) ~[spring-context-6.0.9.jar:6.0.9]
	at org.springframework.boot.web.reactive.context.ReactiveWebServerApplicationContext.doClose(ReactiveWebServerApplicationContext.java:149) ~[spring-boot-3.1.0.jar:3.1.0]
	at org.springframework.context.support.AbstractApplicationContext.close(AbstractApplicationContext.java:1027) ~[spring-context-6.0.9.jar:6.0.9]
	at org.springframework.boot.SpringApplication.handleRunFailure(SpringApplication.java:789) ~[spring-boot-3.1.0.jar:3.1.0]
	at org.springframework.boot.SpringApplication.run(SpringApplication.java:337) ~[spring-boot-3.1.0.jar:3.1.0]
	at org.springframework.boot.SpringApplication.run(SpringApplication.java:1305) ~[spring-boot-3.1.0.jar:3.1.0]
	at org.springframework.boot.SpringApplication.run(SpringApplication.java:1294) ~[spring-boot-3.1.0.jar:3.1.0]
	at club.p6e.cloud.gateway.SmartSiteGatewayApplication.main(SmartSiteGatewayApplication.java:24) ~[classes/:na]
2023-10-20 16:32:38 [main] WARN - [NamingHttpClientManager] Start destroying NacosRestTemplate
2023-10-20 16:32:38 [main] WARN - [NamingHttpClientManager] Destruction of the end
2023-10-20 16:32:38 [main] WARN - [NamingHttpClientManager] Start destroying NacosRestTemplate
2023-10-20 16:32:38 [main] WARN - [NamingHttpClientManager] Destruction of the end
2023-10-20 16:32:38 [nacos-grpc-client-executor-192.168.0.99-9] WARN - [1697790755861_192.168.0.2_60481]Ignore error event,isRunning:false,isAbandon=false
2023-10-20 16:32:41 [Thread-1] WARN - [HttpClientBeanHolder] Start destroying common HttpClient
2023-10-20 16:32:41 [Thread-7] WARN - [NotifyCenter] Start destroying Publisher
2023-10-20 16:32:41 [Thread-7] WARN - [NotifyCenter] Destruction of the end
2023-10-20 16:32:41 [Thread-1] WARN - [HttpClientBeanHolder] Destruction of the end
2023-10-20 16:33:13 [main] WARN - Load Logback Configuration of Nacos fail, message: Could not initialize Logback Nacos logging from classpath:nacos-logback.xml
2023-10-20 16:33:14 [main] WARN - Ignore the empty nacos configuration and get it based on dataId[p6e-cloud-gateway-service] & group[P6E-CLOUD]
2023-10-20 16:33:14 [main] WARN - Ignore the empty nacos configuration and get it based on dataId[p6e-cloud-gateway-service.yaml] & group[P6E-CLOUD]
2023-10-20 16:33:14 [main] WARN - Load Logback Configuration of Nacos fail, message: Could not initialize Logback Nacos logging from classpath:nacos-logback.xml
2023-10-20 16:33:18 [main] WARN - Exception thrown from ApplicationListener handling ContextClosedEvent
java.lang.IllegalStateException: Subscriber not created; Configure RedisConnectionFactory to create a Subscriber
	at org.springframework.data.redis.listener.RedisMessageListenerContainer.getRequiredSubscriber(RedisMessageListenerContainer.java:1004) ~[spring-data-redis-3.1.0.jar:3.1.0]
	at org.springframework.data.redis.listener.RedisMessageListenerContainer.doUnsubscribe(RedisMessageListenerContainer.java:404) ~[spring-data-redis-3.1.0.jar:3.1.0]
	at org.springframework.data.redis.listener.RedisMessageListenerContainer.stopListening(RedisMessageListenerContainer.java:387) ~[spring-data-redis-3.1.0.jar:3.1.0]
	at org.springframework.data.redis.listener.RedisMessageListenerContainer.stop(RedisMessageListenerContainer.java:376) ~[spring-data-redis-3.1.0.jar:3.1.0]
	at org.springframework.data.redis.listener.RedisMessageListenerContainer.stop(RedisMessageListenerContainer.java:356) ~[spring-data-redis-3.1.0.jar:3.1.0]
	at club.p6e.cloud.gateway.PropertiesRefresher.close(PropertiesRefresher.java:106) ~[classes/:na]
	at club.p6e.cloud.gateway.PropertiesRefresher$ContextClosedEventListener.onApplicationEvent(PropertiesRefresher.java:63) ~[classes/:na]
	at club.p6e.cloud.gateway.PropertiesRefresher$ContextClosedEventListener.onApplicationEvent(PropertiesRefresher.java:53) ~[classes/:na]
	at org.springframework.context.event.SimpleApplicationEventMulticaster.doInvokeListener(SimpleApplicationEventMulticaster.java:172) ~[spring-context-6.0.9.jar:6.0.9]
	at org.springframework.context.event.SimpleApplicationEventMulticaster.invokeListener(SimpleApplicationEventMulticaster.java:165) ~[spring-context-6.0.9.jar:6.0.9]
	at org.springframework.context.event.SimpleApplicationEventMulticaster.multicastEvent(SimpleApplicationEventMulticaster.java:143) ~[spring-context-6.0.9.jar:6.0.9]
	at org.springframework.context.support.AbstractApplicationContext.publishEvent(AbstractApplicationContext.java:437) ~[spring-context-6.0.9.jar:6.0.9]
	at org.springframework.context.support.AbstractApplicationContext.publishEvent(AbstractApplicationContext.java:370) ~[spring-context-6.0.9.jar:6.0.9]
	at org.springframework.context.support.AbstractApplicationContext.doClose(AbstractApplicationContext.java:1060) ~[spring-context-6.0.9.jar:6.0.9]
	at org.springframework.boot.web.reactive.context.ReactiveWebServerApplicationContext.doClose(ReactiveWebServerApplicationContext.java:149) ~[spring-boot-3.1.0.jar:3.1.0]
	at org.springframework.context.support.AbstractApplicationContext.close(AbstractApplicationContext.java:1027) ~[spring-context-6.0.9.jar:6.0.9]
	at org.springframework.boot.SpringApplication.handleRunFailure(SpringApplication.java:789) ~[spring-boot-3.1.0.jar:3.1.0]
	at org.springframework.boot.SpringApplication.run(SpringApplication.java:337) ~[spring-boot-3.1.0.jar:3.1.0]
	at org.springframework.boot.SpringApplication.run(SpringApplication.java:1305) ~[spring-boot-3.1.0.jar:3.1.0]
	at org.springframework.boot.SpringApplication.run(SpringApplication.java:1294) ~[spring-boot-3.1.0.jar:3.1.0]
	at club.p6e.cloud.gateway.SmartSiteGatewayApplication.main(SmartSiteGatewayApplication.java:24) ~[classes/:na]
2023-10-20 16:33:18 [main] WARN - [NamingHttpClientManager] Start destroying NacosRestTemplate
2023-10-20 16:33:18 [main] WARN - [NamingHttpClientManager] Destruction of the end
2023-10-20 16:33:18 [main] WARN - [NamingHttpClientManager] Start destroying NacosRestTemplate
2023-10-20 16:33:18 [main] WARN - [NamingHttpClientManager] Destruction of the end
2023-10-20 16:33:18 [nacos-grpc-client-executor-192.168.0.99-10] WARN - [1697790796363_192.168.0.2_60541]Ignore error event,isRunning:false,isAbandon=false
2023-10-20 16:33:21 [Thread-1] WARN - [HttpClientBeanHolder] Start destroying common HttpClient
2023-10-20 16:33:21 [Thread-7] WARN - [NotifyCenter] Start destroying Publisher
2023-10-20 16:33:21 [Thread-7] WARN - [NotifyCenter] Destruction of the end
2023-10-20 16:33:21 [Thread-1] WARN - [HttpClientBeanHolder] Destruction of the end
2023-10-20 16:35:10 [main] WARN - Load Logback Configuration of Nacos fail, message: Could not initialize Logback Nacos logging from classpath:nacos-logback.xml
2023-10-20 16:35:10 [main] WARN - Ignore the empty nacos configuration and get it based on dataId[p6e-cloud-gateway-service] & group[P6E-CLOUD]
2023-10-20 16:35:10 [main] WARN - Ignore the empty nacos configuration and get it based on dataId[p6e-cloud-gateway-service.yaml] & group[P6E-CLOUD]
2023-10-20 16:35:10 [main] WARN - Load Logback Configuration of Nacos fail, message: Could not initialize Logback Nacos logging from classpath:nacos-logback.xml
2023-10-20 16:35:14 [main] WARN - Exception thrown from ApplicationListener handling ContextClosedEvent
java.lang.IllegalStateException: Subscriber not created; Configure RedisConnectionFactory to create a Subscriber
	at org.springframework.data.redis.listener.RedisMessageListenerContainer.getRequiredSubscriber(RedisMessageListenerContainer.java:1004) ~[spring-data-redis-3.1.0.jar:3.1.0]
	at org.springframework.data.redis.listener.RedisMessageListenerContainer.doUnsubscribe(RedisMessageListenerContainer.java:404) ~[spring-data-redis-3.1.0.jar:3.1.0]
	at org.springframework.data.redis.listener.RedisMessageListenerContainer.stopListening(RedisMessageListenerContainer.java:387) ~[spring-data-redis-3.1.0.jar:3.1.0]
	at org.springframework.data.redis.listener.RedisMessageListenerContainer.stop(RedisMessageListenerContainer.java:376) ~[spring-data-redis-3.1.0.jar:3.1.0]
	at org.springframework.data.redis.listener.RedisMessageListenerContainer.stop(RedisMessageListenerContainer.java:356) ~[spring-data-redis-3.1.0.jar:3.1.0]
	at club.p6e.cloud.gateway.PropertiesRefresher.close(PropertiesRefresher.java:107) ~[classes/:na]
	at club.p6e.cloud.gateway.PropertiesRefresher$ContextClosedEventListener.onApplicationEvent(PropertiesRefresher.java:63) ~[classes/:na]
	at club.p6e.cloud.gateway.PropertiesRefresher$ContextClosedEventListener.onApplicationEvent(PropertiesRefresher.java:53) ~[classes/:na]
	at org.springframework.context.event.SimpleApplicationEventMulticaster.doInvokeListener(SimpleApplicationEventMulticaster.java:172) ~[spring-context-6.0.9.jar:6.0.9]
	at org.springframework.context.event.SimpleApplicationEventMulticaster.invokeListener(SimpleApplicationEventMulticaster.java:165) ~[spring-context-6.0.9.jar:6.0.9]
	at org.springframework.context.event.SimpleApplicationEventMulticaster.multicastEvent(SimpleApplicationEventMulticaster.java:143) ~[spring-context-6.0.9.jar:6.0.9]
	at org.springframework.context.support.AbstractApplicationContext.publishEvent(AbstractApplicationContext.java:437) ~[spring-context-6.0.9.jar:6.0.9]
	at org.springframework.context.support.AbstractApplicationContext.publishEvent(AbstractApplicationContext.java:370) ~[spring-context-6.0.9.jar:6.0.9]
	at org.springframework.context.support.AbstractApplicationContext.doClose(AbstractApplicationContext.java:1060) ~[spring-context-6.0.9.jar:6.0.9]
	at org.springframework.boot.web.reactive.context.ReactiveWebServerApplicationContext.doClose(ReactiveWebServerApplicationContext.java:149) ~[spring-boot-3.1.0.jar:3.1.0]
	at org.springframework.context.support.AbstractApplicationContext.close(AbstractApplicationContext.java:1027) ~[spring-context-6.0.9.jar:6.0.9]
	at org.springframework.boot.SpringApplication.handleRunFailure(SpringApplication.java:789) ~[spring-boot-3.1.0.jar:3.1.0]
	at org.springframework.boot.SpringApplication.run(SpringApplication.java:337) ~[spring-boot-3.1.0.jar:3.1.0]
	at org.springframework.boot.SpringApplication.run(SpringApplication.java:1305) ~[spring-boot-3.1.0.jar:3.1.0]
	at org.springframework.boot.SpringApplication.run(SpringApplication.java:1294) ~[spring-boot-3.1.0.jar:3.1.0]
	at club.p6e.cloud.gateway.SmartSiteGatewayApplication.main(SmartSiteGatewayApplication.java:24) ~[classes/:na]
2023-10-20 16:35:14 [main] WARN - [NamingHttpClientManager] Start destroying NacosRestTemplate
2023-10-20 16:35:14 [main] WARN - [NamingHttpClientManager] Destruction of the end
2023-10-20 16:35:14 [main] WARN - [NamingHttpClientManager] Start destroying NacosRestTemplate
2023-10-20 16:35:14 [main] WARN - [NamingHttpClientManager] Destruction of the end
2023-10-20 16:35:14 [nacos-grpc-client-executor-192.168.0.99-10] WARN - [1697790912661_192.168.0.2_60834]Ignore error event,isRunning:false,isAbandon=false
2023-10-20 16:35:17 [Thread-1] WARN - [HttpClientBeanHolder] Start destroying common HttpClient
2023-10-20 16:35:17 [Thread-7] WARN - [NotifyCenter] Start destroying Publisher
2023-10-20 16:35:17 [Thread-7] WARN - [NotifyCenter] Destruction of the end
2023-10-20 16:35:17 [Thread-1] WARN - [HttpClientBeanHolder] Destruction of the end
2023-10-20 17:11:33 [main] WARN - Load Logback Configuration of Nacos fail, message: Could not initialize Logback Nacos logging from classpath:nacos-logback.xml
2023-10-20 17:11:34 [main] WARN - Ignore the empty nacos configuration and get it based on dataId[p6e-cloud-gateway-service] & group[P6E-CLOUD]
2023-10-20 17:11:34 [main] WARN - Ignore the empty nacos configuration and get it based on dataId[p6e-cloud-gateway-service.yaml] & group[P6E-CLOUD]
2023-10-20 17:11:34 [main] WARN - Load Logback Configuration of Nacos fail, message: Could not initialize Logback Nacos logging from classpath:nacos-logback.xml
2023-10-20 17:12:45 [Thread-7] WARN - [NotifyCenter] Start destroying Publisher
2023-10-20 17:12:45 [Thread-1] WARN - [HttpClientBeanHolder] Start destroying common HttpClient
2023-10-20 17:12:45 [Thread-7] WARN - [NotifyCenter] Destruction of the end
2023-10-20 17:12:45 [Thread-1] WARN - [HttpClientBeanHolder] Destruction of the end
2023-10-20 17:12:46 [SpringApplicationShutdownHook] WARN - [NamingHttpClientManager] Start destroying NacosRestTemplate
2023-10-20 17:12:46 [SpringApplicationShutdownHook] WARN - [NamingHttpClientManager] Destruction of the end
2023-10-20 17:12:46 [SpringApplicationShutdownHook] WARN - [NamingHttpClientManager] Start destroying NacosRestTemplate
2023-10-20 17:12:46 [SpringApplicationShutdownHook] WARN - [NamingHttpClientManager] Destruction of the end
2023-10-20 17:12:46 [nacos-grpc-client-executor-192.168.0.99-22] WARN - [1697793096553_192.168.0.2_62107]Ignore error event,isRunning:false,isAbandon=false
2023-10-20 17:12:51 [main] WARN - Load Logback Configuration of Nacos fail, message: Could not initialize Logback Nacos logging from classpath:nacos-logback.xml
2023-10-20 17:12:52 [main] WARN - Ignore the empty nacos configuration and get it based on dataId[p6e-cloud-gateway-service] & group[P6E-CLOUD]
2023-10-20 17:12:52 [main] WARN - Ignore the empty nacos configuration and get it based on dataId[p6e-cloud-gateway-service.yaml] & group[P6E-CLOUD]
2023-10-20 17:12:52 [main] WARN - Load Logback Configuration of Nacos fail, message: Could not initialize Logback Nacos logging from classpath:nacos-logback.xml
2023-10-20 17:14:31 [Thread-1] WARN - [HttpClientBeanHolder] Start destroying common HttpClient
2023-10-20 17:14:31 [Thread-7] WARN - [NotifyCenter] Start destroying Publisher
2023-10-20 17:14:31 [Thread-7] WARN - [NotifyCenter] Destruction of the end
2023-10-20 17:14:31 [Thread-1] WARN - [HttpClientBeanHolder] Destruction of the end
2023-10-20 17:14:31 [SpringApplicationShutdownHook] WARN - [NamingHttpClientManager] Start destroying NacosRestTemplate
2023-10-20 17:14:31 [SpringApplicationShutdownHook] WARN - [NamingHttpClientManager] Destruction of the end
2023-10-20 17:14:31 [SpringApplicationShutdownHook] WARN - [NamingHttpClientManager] Start destroying NacosRestTemplate
2023-10-20 17:14:31 [SpringApplicationShutdownHook] WARN - [NamingHttpClientManager] Destruction of the end
2023-10-20 17:14:31 [nacos-grpc-client-executor-192.168.0.99-31] WARN - [1697793174286_192.168.0.2_62145]Ignore error event,isRunning:false,isAbandon=false
2023-10-20 17:14:35 [main] WARN - Load Logback Configuration of Nacos fail, message: Could not initialize Logback Nacos logging from classpath:nacos-logback.xml
2023-10-20 17:14:36 [main] WARN - Ignore the empty nacos configuration and get it based on dataId[p6e-cloud-gateway-service] & group[P6E-CLOUD]
2023-10-20 17:14:36 [main] WARN - Ignore the empty nacos configuration and get it based on dataId[p6e-cloud-gateway-service.yaml] & group[P6E-CLOUD]
2023-10-20 17:14:36 [main] WARN - Load Logback Configuration of Nacos fail, message: Could not initialize Logback Nacos logging from classpath:nacos-logback.xml
2023-10-20 17:21:07 [Thread-7] WARN - [NotifyCenter] Start destroying Publisher
2023-10-20 17:21:07 [Thread-1] WARN - [HttpClientBeanHolder] Start destroying common HttpClient
2023-10-20 17:21:07 [Thread-7] WARN - [NotifyCenter] Destruction of the end
2023-10-20 17:21:07 [Thread-1] WARN - [HttpClientBeanHolder] Destruction of the end
2023-10-20 17:21:07 [SpringApplicationShutdownHook] WARN - [NamingHttpClientManager] Start destroying NacosRestTemplate
2023-10-20 17:21:07 [SpringApplicationShutdownHook] WARN - [NamingHttpClientManager] Destruction of the end
2023-10-20 17:21:07 [SpringApplicationShutdownHook] WARN - [NamingHttpClientManager] Start destroying NacosRestTemplate
2023-10-20 17:21:07 [SpringApplicationShutdownHook] WARN - [NamingHttpClientManager] Destruction of the end
2023-10-20 17:21:07 [nacos-grpc-client-executor-192.168.0.99-91] WARN - [1697793278528_192.168.0.2_62198]Ignore error event,isRunning:false,isAbandon=false
